{"C:\\Dev\\qwebs\\qwebs\\lib\\dataerror.js":{"path":"C:\\Dev\\qwebs\\qwebs\\lib\\dataerror.js","s":{"1":9,"2":9,"3":9,"4":9,"5":9,"6":1,"7":1,"8":9,"9":5,"10":4,"11":1,"12":3,"13":9,"14":9,"15":9,"16":1},"b":{"1":[9,5],"2":[9,0],"3":[1,8],"4":[5,4],"5":[1,3],"6":[9,8],"7":[9,8],"8":[9,8]},"f":{"1":9},"fnMap":{"1":{"name":"(anonymous_1)","line":10,"loc":{"start":{"line":10,"column":15},"end":{"line":10,"column":25}}}},"statementMap":{"1":{"start":{"line":11,"column":8},"end":{"line":11,"column":48}},"2":{"start":{"line":12,"column":8},"end":{"line":12,"column":85}},"3":{"start":{"line":12,"column":37},"end":{"line":12,"column":85}},"4":{"start":{"line":14,"column":8},"end":{"line":14,"column":42}},"5":{"start":{"line":16,"column":8},"end":{"line":19,"column":9}},"6":{"start":{"line":17,"column":12},"end":{"line":17,"column":39}},"7":{"start":{"line":18,"column":12},"end":{"line":18,"column":33}},"8":{"start":{"line":21,"column":8},"end":{"line":23,"column":40}},"9":{"start":{"line":21,"column":27},"end":{"line":21,"column":42}},"10":{"start":{"line":22,"column":13},"end":{"line":23,"column":40}},"11":{"start":{"line":22,"column":48},"end":{"line":22,"column":73}},"12":{"start":{"line":23,"column":13},"end":{"line":23,"column":40}},"13":{"start":{"line":25,"column":8},"end":{"line":25,"column":43}},"14":{"start":{"line":26,"column":8},"end":{"line":26,"column":88}},"15":{"start":{"line":27,"column":8},"end":{"line":27,"column":52}},"16":{"start":{"line":31,"column":0},"end":{"line":31,"column":37}}},"branchMap":{"1":{"line":11,"type":"binary-expr","locations":[{"start":{"line":11,"column":14},"end":{"line":11,"column":29}},{"start":{"line":11,"column":33},"end":{"line":11,"column":46}}]},"2":{"line":12,"type":"if","locations":[{"start":{"line":12,"column":8},"end":{"line":12,"column":8}},{"start":{"line":12,"column":8},"end":{"line":12,"column":8}}]},"3":{"line":16,"type":"if","locations":[{"start":{"line":16,"column":8},"end":{"line":16,"column":8}},{"start":{"line":16,"column":8},"end":{"line":16,"column":8}}]},"4":{"line":21,"type":"if","locations":[{"start":{"line":21,"column":8},"end":{"line":21,"column":8}},{"start":{"line":21,"column":8},"end":{"line":21,"column":8}}]},"5":{"line":22,"type":"if","locations":[{"start":{"line":22,"column":13},"end":{"line":22,"column":13}},{"start":{"line":22,"column":13},"end":{"line":22,"column":13}}]},"6":{"line":25,"type":"binary-expr","locations":[{"start":{"line":25,"column":22},"end":{"line":25,"column":36}},{"start":{"line":25,"column":40},"end":{"line":25,"column":42}}]},"7":{"line":26,"type":"binary-expr","locations":[{"start":{"line":26,"column":38},"end":{"line":26,"column":65}},{"start":{"line":26,"column":69},"end":{"line":26,"column":87}}]},"8":{"line":27,"type":"binary-expr","locations":[{"start":{"line":27,"column":26},"end":{"line":27,"column":44}},{"start":{"line":27,"column":48},"end":{"line":27,"column":51}}]}}},"C:\\Dev\\qwebs\\qwebs\\lib\\injector.js":{"path":"C:\\Dev\\qwebs\\qwebs\\lib\\injector.js","s":{"1":1,"2":1,"3":14,"4":14,"5":95,"6":0,"7":95,"8":0,"9":95,"10":1,"11":0,"12":1,"13":1,"14":2,"15":1,"16":2,"17":1,"18":2,"19":2,"20":65,"21":0,"22":65,"23":65,"24":0,"25":65,"26":19,"27":19,"28":65,"29":0,"30":65,"31":95,"32":0,"33":95,"34":0,"35":95,"36":0,"37":95,"38":95,"39":95,"40":95,"41":95,"42":95,"43":95,"44":32,"45":0,"46":32,"47":63,"48":0,"49":63,"50":21,"51":1,"52":20,"53":0,"54":20,"55":20,"56":12,"57":12,"58":0,"59":8,"60":8,"61":8,"62":8,"63":8,"64":8,"65":8,"66":0,"67":20,"68":0,"69":20,"70":0,"71":20,"72":20,"73":0,"74":21,"75":1,"76":20,"77":0,"78":20,"79":0,"80":0,"81":20,"82":20,"83":20,"84":20,"85":0,"86":20,"87":20,"88":20,"89":0,"90":20,"91":20,"92":20,"93":20,"94":8,"95":12,"96":12,"97":12,"98":20,"99":20,"100":20,"101":0,"102":1},"b":{"1":[0,95],"2":[0,95],"3":[0,1],"4":[0,65],"5":[0,65],"6":[19,46],"7":[0,65],"8":[0,95],"9":[0,95],"10":[0,95],"11":[95,41],"12":[32,63],"13":[0,32],"14":[0,63],"15":[1,20],"16":[0,20],"17":[12,8],"18":[8,0],"19":[0,20],"20":[0,20],"21":[20,0],"22":[1,20],"23":[0,20],"24":[0,20],"25":[20,20],"26":[0,20],"27":[8,12],"28":[20,12],"29":[0,20]},"f":{"1":14,"2":95,"3":1,"4":2,"5":65,"6":95,"7":21,"8":21},"fnMap":{"1":{"name":"(anonymous_1)","line":13,"loc":{"start":{"line":13,"column":15},"end":{"line":13,"column":18}}},"2":{"name":"(anonymous_2)","line":18,"loc":{"start":{"line":18,"column":7},"end":{"line":18,"column":33}}},"3":{"name":"(anonymous_3)","line":25,"loc":{"start":{"line":25,"column":5},"end":{"line":25,"column":8}}},"4":{"name":"(anonymous_4)","line":31,"loc":{"start":{"line":31,"column":16},"end":{"line":31,"column":31}}},"5":{"name":"(anonymous_5)","line":40,"loc":{"start":{"line":40,"column":8},"end":{"line":40,"column":15}}},"6":{"name":"(anonymous_6)","line":56,"loc":{"start":{"line":56,"column":12},"end":{"line":56,"column":48}}},"7":{"name":"(anonymous_7)","line":80,"loc":{"start":{"line":80,"column":5},"end":{"line":80,"column":8}}},"8":{"name":"(anonymous_8)","line":116,"loc":{"start":{"line":116,"column":7},"end":{"line":116,"column":10}}}},"statementMap":{"1":{"start":{"line":9,"column":0},"end":{"line":9,"column":29}},"2":{"start":{"line":10,"column":0},"end":{"line":10,"column":41}},"3":{"start":{"line":14,"column":2},"end":{"line":14,"column":22}},"4":{"start":{"line":15,"column":2},"end":{"line":15,"column":17}},"5":{"start":{"line":19,"column":2},"end":{"line":19,"column":77}},"6":{"start":{"line":19,"column":13},"end":{"line":19,"column":77}},"7":{"start":{"line":20,"column":2},"end":{"line":20,"column":85}},"8":{"start":{"line":20,"column":17},"end":{"line":20,"column":85}},"9":{"start":{"line":22,"column":2},"end":{"line":22,"column":65}},"10":{"start":{"line":26,"column":2},"end":{"line":26,"column":41}},"11":{"start":{"line":26,"column":34},"end":{"line":26,"column":41}},"12":{"start":{"line":27,"column":2},"end":{"line":27,"column":17}},"13":{"start":{"line":28,"column":2},"end":{"line":30,"column":3}},"14":{"start":{"line":29,"column":3},"end":{"line":29,"column":54}},"15":{"start":{"line":31,"column":2},"end":{"line":33,"column":5}},"16":{"start":{"line":32,"column":3},"end":{"line":32,"column":15}},"17":{"start":{"line":34,"column":2},"end":{"line":37,"column":3}},"18":{"start":{"line":35,"column":3},"end":{"line":35,"column":28}},"19":{"start":{"line":36,"column":3},"end":{"line":36,"column":17}},"20":{"start":{"line":41,"column":2},"end":{"line":41,"column":78}},"21":{"start":{"line":41,"column":13},"end":{"line":41,"column":78}},"22":{"start":{"line":42,"column":2},"end":{"line":42,"column":34}},"23":{"start":{"line":44,"column":2},"end":{"line":44,"column":100}},"24":{"start":{"line":44,"column":13},"end":{"line":44,"column":100}},"25":{"start":{"line":46,"column":2},"end":{"line":49,"column":3}},"26":{"start":{"line":47,"column":3},"end":{"line":47,"column":15}},"27":{"start":{"line":48,"column":3},"end":{"line":48,"column":17}},"28":{"start":{"line":50,"column":2},"end":{"line":50,"column":109}},"29":{"start":{"line":50,"column":22},"end":{"line":50,"column":109}},"30":{"start":{"line":51,"column":2},"end":{"line":51,"column":23}},"31":{"start":{"line":57,"column":2},"end":{"line":57,"column":79}},"32":{"start":{"line":57,"column":18},"end":{"line":57,"column":79}},"33":{"start":{"line":58,"column":2},"end":{"line":58,"column":69}},"34":{"start":{"line":58,"column":13},"end":{"line":58,"column":69}},"35":{"start":{"line":59,"column":2},"end":{"line":59,"column":75}},"36":{"start":{"line":59,"column":16},"end":{"line":59,"column":75}},"37":{"start":{"line":61,"column":2},"end":{"line":61,"column":29}},"38":{"start":{"line":62,"column":2},"end":{"line":62,"column":19}},"39":{"start":{"line":63,"column":2},"end":{"line":63,"column":31}},"40":{"start":{"line":64,"column":2},"end":{"line":64,"column":23}},"41":{"start":{"line":65,"column":2},"end":{"line":65,"column":26}},"42":{"start":{"line":66,"column":2},"end":{"line":66,"column":23}},"43":{"start":{"line":68,"column":2},"end":{"line":77,"column":3}},"44":{"start":{"line":69,"column":3},"end":{"line":69,"column":136}},"45":{"start":{"line":69,"column":43},"end":{"line":69,"column":136}},"46":{"start":{"line":70,"column":3},"end":{"line":70,"column":27}},"47":{"start":{"line":72,"column":7},"end":{"line":77,"column":3}},"48":{"start":{"line":73,"column":3},"end":{"line":73,"column":30}},"49":{"start":{"line":76,"column":3},"end":{"line":76,"column":27}},"50":{"start":{"line":81,"column":2},"end":{"line":81,"column":29}},"51":{"start":{"line":81,"column":22},"end":{"line":81,"column":29}},"52":{"start":{"line":83,"column":2},"end":{"line":83,"column":128}},"53":{"start":{"line":83,"column":31},"end":{"line":83,"column":128}},"54":{"start":{"line":84,"column":2},"end":{"line":84,"column":13}},"55":{"start":{"line":86,"column":2},"end":{"line":107,"column":3}},"56":{"start":{"line":87,"column":3},"end":{"line":92,"column":4}},"57":{"start":{"line":88,"column":4},"end":{"line":88,"column":36}},"58":{"start":{"line":91,"column":4},"end":{"line":91,"column":111}},"59":{"start":{"line":95,"column":3},"end":{"line":95,"column":42}},"60":{"start":{"line":96,"column":3},"end":{"line":96,"column":32}},"61":{"start":{"line":97,"column":3},"end":{"line":100,"column":4}},"62":{"start":{"line":98,"column":4},"end":{"line":98,"column":50}},"63":{"start":{"line":99,"column":4},"end":{"line":99,"column":56}},"64":{"start":{"line":101,"column":3},"end":{"line":106,"column":4}},"65":{"start":{"line":102,"column":4},"end":{"line":102,"column":44}},"66":{"start":{"line":105,"column":4},"end":{"line":105,"column":116}},"67":{"start":{"line":109,"column":2},"end":{"line":109,"column":113}},"68":{"start":{"line":109,"column":15},"end":{"line":109,"column":113}},"69":{"start":{"line":111,"column":2},"end":{"line":113,"column":91}},"70":{"start":{"line":111,"column":33},"end":{"line":111,"column":56}},"71":{"start":{"line":112,"column":7},"end":{"line":113,"column":91}},"72":{"start":{"line":112,"column":40},"end":{"line":112,"column":66}},"73":{"start":{"line":113,"column":7},"end":{"line":113,"column":91}},"74":{"start":{"line":117,"column":2},"end":{"line":117,"column":33}},"75":{"start":{"line":117,"column":21},"end":{"line":117,"column":33}},"76":{"start":{"line":118,"column":2},"end":{"line":118,"column":126}},"77":{"start":{"line":118,"column":25},"end":{"line":118,"column":126}},"78":{"start":{"line":120,"column":2},"end":{"line":123,"column":3}},"79":{"start":{"line":121,"column":3},"end":{"line":121,"column":36}},"80":{"start":{"line":122,"column":3},"end":{"line":122,"column":10}},"81":{"start":{"line":125,"column":2},"end":{"line":125,"column":72}},"82":{"start":{"line":127,"column":2},"end":{"line":127,"column":15}},"83":{"start":{"line":128,"column":2},"end":{"line":128,"column":28}},"84":{"start":{"line":131,"column":2},"end":{"line":131,"column":134}},"85":{"start":{"line":131,"column":17},"end":{"line":131,"column":134}},"86":{"start":{"line":133,"column":2},"end":{"line":133,"column":18}},"87":{"start":{"line":134,"column":2},"end":{"line":141,"column":3}},"88":{"start":{"line":135,"column":3},"end":{"line":137,"column":40}},"89":{"start":{"line":140,"column":3},"end":{"line":140,"column":129}},"90":{"start":{"line":143,"column":2},"end":{"line":143,"column":53}},"91":{"start":{"line":145,"column":2},"end":{"line":153,"column":3}},"92":{"start":{"line":146,"column":3},"end":{"line":146,"column":24}},"93":{"start":{"line":147,"column":3},"end":{"line":147,"column":32}},"94":{"start":{"line":147,"column":23},"end":{"line":147,"column":32}},"95":{"start":{"line":149,"column":3},"end":{"line":149,"column":42}},"96":{"start":{"line":151,"column":3},"end":{"line":151,"column":40}},"97":{"start":{"line":152,"column":3},"end":{"line":152,"column":19}},"98":{"start":{"line":155,"column":2},"end":{"line":155,"column":42}},"99":{"start":{"line":156,"column":2},"end":{"line":156,"column":79}},"100":{"start":{"line":157,"column":2},"end":{"line":157,"column":111}},"101":{"start":{"line":157,"column":22},"end":{"line":157,"column":111}},"102":{"start":{"line":162,"column":0},"end":{"line":162,"column":36}}},"branchMap":{"1":{"line":19,"type":"if","locations":[{"start":{"line":19,"column":2},"end":{"line":19,"column":2}},{"start":{"line":19,"column":2},"end":{"line":19,"column":2}}]},"2":{"line":20,"type":"if","locations":[{"start":{"line":20,"column":2},"end":{"line":20,"column":2}},{"start":{"line":20,"column":2},"end":{"line":20,"column":2}}]},"3":{"line":26,"type":"if","locations":[{"start":{"line":26,"column":2},"end":{"line":26,"column":2}},{"start":{"line":26,"column":2},"end":{"line":26,"column":2}}]},"4":{"line":41,"type":"if","locations":[{"start":{"line":41,"column":2},"end":{"line":41,"column":2}},{"start":{"line":41,"column":2},"end":{"line":41,"column":2}}]},"5":{"line":44,"type":"if","locations":[{"start":{"line":44,"column":2},"end":{"line":44,"column":2}},{"start":{"line":44,"column":2},"end":{"line":44,"column":2}}]},"6":{"line":46,"type":"if","locations":[{"start":{"line":46,"column":2},"end":{"line":46,"column":2}},{"start":{"line":46,"column":2},"end":{"line":46,"column":2}}]},"7":{"line":50,"type":"if","locations":[{"start":{"line":50,"column":2},"end":{"line":50,"column":2}},{"start":{"line":50,"column":2},"end":{"line":50,"column":2}}]},"8":{"line":57,"type":"if","locations":[{"start":{"line":57,"column":2},"end":{"line":57,"column":2}},{"start":{"line":57,"column":2},"end":{"line":57,"column":2}}]},"9":{"line":58,"type":"if","locations":[{"start":{"line":58,"column":2},"end":{"line":58,"column":2}},{"start":{"line":58,"column":2},"end":{"line":58,"column":2}}]},"10":{"line":59,"type":"if","locations":[{"start":{"line":59,"column":2},"end":{"line":59,"column":2}},{"start":{"line":59,"column":2},"end":{"line":59,"column":2}}]},"11":{"line":63,"type":"binary-expr","locations":[{"start":{"line":63,"column":17},"end":{"line":63,"column":24}},{"start":{"line":63,"column":28},"end":{"line":63,"column":30}}]},"12":{"line":68,"type":"if","locations":[{"start":{"line":68,"column":2},"end":{"line":68,"column":2}},{"start":{"line":68,"column":2},"end":{"line":68,"column":2}}]},"13":{"line":69,"type":"if","locations":[{"start":{"line":69,"column":3},"end":{"line":69,"column":3}},{"start":{"line":69,"column":3},"end":{"line":69,"column":3}}]},"14":{"line":72,"type":"if","locations":[{"start":{"line":72,"column":7},"end":{"line":72,"column":7}},{"start":{"line":72,"column":7},"end":{"line":72,"column":7}}]},"15":{"line":81,"type":"if","locations":[{"start":{"line":81,"column":2},"end":{"line":81,"column":2}},{"start":{"line":81,"column":2},"end":{"line":81,"column":2}}]},"16":{"line":83,"type":"if","locations":[{"start":{"line":83,"column":2},"end":{"line":83,"column":2}},{"start":{"line":83,"column":2},"end":{"line":83,"column":2}}]},"17":{"line":86,"type":"if","locations":[{"start":{"line":86,"column":2},"end":{"line":86,"column":2}},{"start":{"line":86,"column":2},"end":{"line":86,"column":2}}]},"18":{"line":97,"type":"if","locations":[{"start":{"line":97,"column":3},"end":{"line":97,"column":3}},{"start":{"line":97,"column":3},"end":{"line":97,"column":3}}]},"19":{"line":109,"type":"if","locations":[{"start":{"line":109,"column":2},"end":{"line":109,"column":2}},{"start":{"line":109,"column":2},"end":{"line":109,"column":2}}]},"20":{"line":111,"type":"if","locations":[{"start":{"line":111,"column":2},"end":{"line":111,"column":2}},{"start":{"line":111,"column":2},"end":{"line":111,"column":2}}]},"21":{"line":112,"type":"if","locations":[{"start":{"line":112,"column":7},"end":{"line":112,"column":7}},{"start":{"line":112,"column":7},"end":{"line":112,"column":7}}]},"22":{"line":117,"type":"if","locations":[{"start":{"line":117,"column":2},"end":{"line":117,"column":2}},{"start":{"line":117,"column":2},"end":{"line":117,"column":2}}]},"23":{"line":118,"type":"if","locations":[{"start":{"line":118,"column":2},"end":{"line":118,"column":2}},{"start":{"line":118,"column":2},"end":{"line":118,"column":2}}]},"24":{"line":120,"type":"if","locations":[{"start":{"line":120,"column":2},"end":{"line":120,"column":2}},{"start":{"line":120,"column":2},"end":{"line":120,"column":2}}]},"25":{"line":125,"type":"binary-expr","locations":[{"start":{"line":125,"column":35},"end":{"line":125,"column":65}},{"start":{"line":125,"column":69},"end":{"line":125,"column":71}}]},"26":{"line":131,"type":"if","locations":[{"start":{"line":131,"column":2},"end":{"line":131,"column":2}},{"start":{"line":131,"column":2},"end":{"line":131,"column":2}}]},"27":{"line":147,"type":"if","locations":[{"start":{"line":147,"column":3},"end":{"line":147,"column":3}},{"start":{"line":147,"column":3},"end":{"line":147,"column":3}}]},"28":{"line":147,"type":"binary-expr","locations":[{"start":{"line":147,"column":7},"end":{"line":147,"column":10}},{"start":{"line":147,"column":14},"end":{"line":147,"column":21}}]},"29":{"line":157,"type":"if","locations":[{"start":{"line":157,"column":2},"end":{"line":157,"column":2}},{"start":{"line":157,"column":2},"end":{"line":157,"column":2}}]}}},"C:\\Dev\\qwebs\\qwebs\\lib\\qwebs.js":{"path":"C:\\Dev\\qwebs\\qwebs\\lib\\qwebs.js","s":{"1":1,"2":1,"3":1,"4":6,"5":6,"6":6,"7":6,"8":6,"9":6,"10":6,"11":6,"12":6,"13":6,"14":6,"15":6,"16":6,"17":6,"18":6,"19":6,"20":6,"21":6,"22":6,"23":6,"24":6,"25":0,"26":0,"27":0,"28":0,"29":0,"30":0,"31":0,"32":0,"33":0,"34":0,"35":0,"36":73,"37":23,"38":1,"39":1,"40":1,"41":0,"42":0,"43":0,"44":0,"45":0,"46":0,"47":0,"48":0,"49":0,"50":0,"51":1},"b":{"1":[6,0],"2":[6,0]},"f":{"1":6,"2":0,"3":73,"4":23,"5":1,"6":0,"7":0,"8":0,"9":0},"fnMap":{"1":{"name":"(anonymous_1)","line":14,"loc":{"start":{"line":14,"column":15},"end":{"line":14,"column":25}}},"2":{"name":"(anonymous_2)","line":47,"loc":{"start":{"line":47,"column":8},"end":{"line":47,"column":11}}},"3":{"name":"(anonymous_3)","line":65,"loc":{"start":{"line":65,"column":10},"end":{"line":65,"column":36}}},"4":{"name":"(anonymous_4)","line":69,"loc":{"start":{"line":69,"column":11},"end":{"line":69,"column":18}}},"5":{"name":"(anonymous_5)","line":73,"loc":{"start":{"line":73,"column":7},"end":{"line":73,"column":32}}},"6":{"name":"(anonymous_6)","line":79,"loc":{"start":{"line":79,"column":8},"end":{"line":79,"column":33}}},"7":{"name":"(anonymous_7)","line":85,"loc":{"start":{"line":85,"column":7},"end":{"line":85,"column":32}}},"8":{"name":"(anonymous_8)","line":91,"loc":{"start":{"line":91,"column":10},"end":{"line":91,"column":35}}},"9":{"name":"(anonymous_9)","line":97,"loc":{"start":{"line":97,"column":10},"end":{"line":97,"column":35}}}},"statementMap":{"1":{"start":{"line":9,"column":0},"end":{"line":9,"column":29}},"2":{"start":{"line":10,"column":0},"end":{"line":10,"column":39}},"3":{"start":{"line":11,"column":0},"end":{"line":11,"column":23}},"4":{"start":{"line":15,"column":8},"end":{"line":15,"column":32}},"5":{"start":{"line":17,"column":8},"end":{"line":17,"column":56}},"6":{"start":{"line":18,"column":8},"end":{"line":18,"column":57}},"7":{"start":{"line":18,"column":29},"end":{"line":18,"column":57}},"8":{"start":{"line":19,"column":8},"end":{"line":19,"column":28}},"9":{"start":{"line":21,"column":8},"end":{"line":21,"column":39}},"10":{"start":{"line":23,"column":8},"end":{"line":23,"column":36}},"11":{"start":{"line":24,"column":8},"end":{"line":24,"column":48}},"12":{"start":{"line":26,"column":8},"end":{"line":26,"column":74}},"13":{"start":{"line":27,"column":8},"end":{"line":27,"column":58}},"14":{"start":{"line":29,"column":8},"end":{"line":29,"column":59}},"15":{"start":{"line":30,"column":8},"end":{"line":30,"column":40}},"16":{"start":{"line":32,"column":8},"end":{"line":32,"column":74}},"17":{"start":{"line":33,"column":8},"end":{"line":33,"column":74}},"18":{"start":{"line":34,"column":8},"end":{"line":34,"column":74}},"19":{"start":{"line":36,"column":8},"end":{"line":36,"column":60}},"20":{"start":{"line":38,"column":8},"end":{"line":38,"column":73}},"21":{"start":{"line":39,"column":8},"end":{"line":39,"column":84}},"22":{"start":{"line":41,"column":8},"end":{"line":41,"column":67}},"23":{"start":{"line":42,"column":8},"end":{"line":42,"column":97}},"24":{"start":{"line":44,"column":8},"end":{"line":44,"column":46}},"25":{"start":{"line":48,"column":8},"end":{"line":48,"column":58}},"26":{"start":{"line":49,"column":8},"end":{"line":49,"column":58}},"27":{"start":{"line":50,"column":8},"end":{"line":50,"column":58}},"28":{"start":{"line":52,"column":8},"end":{"line":62,"column":11}},"29":{"start":{"line":53,"column":12},"end":{"line":61,"column":15}},"30":{"start":{"line":54,"column":16},"end":{"line":60,"column":19}},"31":{"start":{"line":55,"column":20},"end":{"line":55,"column":41}},"32":{"start":{"line":56,"column":20},"end":{"line":56,"column":39}},"33":{"start":{"line":57,"column":20},"end":{"line":57,"column":39}},"34":{"start":{"line":58,"column":20},"end":{"line":58,"column":51}},"35":{"start":{"line":59,"column":20},"end":{"line":59,"column":32}},"36":{"start":{"line":66,"column":8},"end":{"line":66,"column":61}},"37":{"start":{"line":70,"column":8},"end":{"line":70,"column":43}},"38":{"start":{"line":74,"column":8},"end":{"line":74,"column":42}},"39":{"start":{"line":75,"column":8},"end":{"line":75,"column":39}},"40":{"start":{"line":76,"column":8},"end":{"line":76,"column":20}},"41":{"start":{"line":80,"column":8},"end":{"line":80,"column":43}},"42":{"start":{"line":81,"column":8},"end":{"line":81,"column":39}},"43":{"start":{"line":82,"column":8},"end":{"line":82,"column":20}},"44":{"start":{"line":86,"column":8},"end":{"line":86,"column":42}},"45":{"start":{"line":87,"column":8},"end":{"line":87,"column":39}},"46":{"start":{"line":88,"column":8},"end":{"line":88,"column":20}},"47":{"start":{"line":92,"column":8},"end":{"line":92,"column":45}},"48":{"start":{"line":93,"column":8},"end":{"line":93,"column":39}},"49":{"start":{"line":94,"column":8},"end":{"line":94,"column":20}},"50":{"start":{"line":98,"column":8},"end":{"line":98,"column":58}},"51":{"start":{"line":102,"column":0},"end":{"line":102,"column":33}}},"branchMap":{"1":{"line":15,"type":"binary-expr","locations":[{"start":{"line":15,"column":18},"end":{"line":15,"column":25}},{"start":{"line":15,"column":29},"end":{"line":15,"column":31}}]},"2":{"line":18,"type":"if","locations":[{"start":{"line":18,"column":8},"end":{"line":18,"column":8}},{"start":{"line":18,"column":8},"end":{"line":18,"column":8}}]}}},"C:\\Dev\\qwebs\\qwebs\\lib\\loaders\\assets.js":{"path":"C:\\Dev\\qwebs\\qwebs\\lib\\loaders\\assets.js","s":{"1":1,"2":1,"3":1,"4":1,"5":1,"6":1,"7":1,"8":0,"9":1,"10":0,"11":1,"12":0,"13":1,"14":1,"15":1,"16":1,"17":1,"18":1,"19":0,"20":1,"21":1,"22":1,"23":1,"24":1,"25":2,"26":2,"27":2,"28":2,"29":1,"30":1,"31":0,"32":0,"33":0,"34":1},"b":{"1":[0,1],"2":[0,1],"3":[0,1],"4":[0,1],"5":[1,1],"6":[0,0]},"f":{"1":1,"2":1,"3":1,"4":1,"5":1,"6":0},"fnMap":{"1":{"name":"(anonymous_1)","line":17,"loc":{"start":{"line":17,"column":15},"end":{"line":17,"column":42}}},"2":{"name":"(anonymous_2)","line":26,"loc":{"start":{"line":26,"column":8},"end":{"line":26,"column":11}}},"3":{"name":"(anonymous_3)","line":29,"loc":{"start":{"line":29,"column":21},"end":{"line":29,"column":32}}},"4":{"name":"(anonymous_4)","line":35,"loc":{"start":{"line":35,"column":63},"end":{"line":35,"column":78}}},"5":{"name":"(anonymous_5)","line":46,"loc":{"start":{"line":46,"column":20},"end":{"line":46,"column":37}}},"6":{"name":"(anonymous_6)","line":48,"loc":{"start":{"line":48,"column":21},"end":{"line":48,"column":37}}}},"statementMap":{"1":{"start":{"line":9,"column":0},"end":{"line":9,"column":40}},"2":{"start":{"line":10,"column":0},"end":{"line":10,"column":43}},"3":{"start":{"line":11,"column":0},"end":{"line":11,"column":25}},"4":{"start":{"line":12,"column":0},"end":{"line":12,"column":29}},"5":{"start":{"line":13,"column":0},"end":{"line":13,"column":44}},"6":{"start":{"line":14,"column":0},"end":{"line":14,"column":23}},"7":{"start":{"line":18,"column":8},"end":{"line":18,"column":88}},"8":{"start":{"line":18,"column":21},"end":{"line":18,"column":88}},"9":{"start":{"line":19,"column":8},"end":{"line":19,"column":81}},"10":{"start":{"line":19,"column":22},"end":{"line":19,"column":81}},"11":{"start":{"line":20,"column":8},"end":{"line":20,"column":81}},"12":{"start":{"line":20,"column":22},"end":{"line":20,"column":81}},"13":{"start":{"line":21,"column":8},"end":{"line":21,"column":29}},"14":{"start":{"line":22,"column":8},"end":{"line":22,"column":31}},"15":{"start":{"line":23,"column":8},"end":{"line":23,"column":31}},"16":{"start":{"line":27,"column":8},"end":{"line":27,"column":24}},"17":{"start":{"line":29,"column":8},"end":{"line":52,"column":11}},"18":{"start":{"line":31,"column":12},"end":{"line":31,"column":79}},"19":{"start":{"line":31,"column":69},"end":{"line":31,"column":79}},"20":{"start":{"line":33,"column":12},"end":{"line":33,"column":86}},"21":{"start":{"line":35,"column":12},"end":{"line":51,"column":15}},"22":{"start":{"line":36,"column":16},"end":{"line":36,"column":34}},"23":{"start":{"line":38,"column":16},"end":{"line":38,"column":58}},"24":{"start":{"line":39,"column":16},"end":{"line":44,"column":17}},"25":{"start":{"line":40,"column":20},"end":{"line":40,"column":44}},"26":{"start":{"line":41,"column":20},"end":{"line":41,"column":79}},"27":{"start":{"line":42,"column":20},"end":{"line":42,"column":76}},"28":{"start":{"line":43,"column":20},"end":{"line":43,"column":67}},"29":{"start":{"line":45,"column":16},"end":{"line":45,"column":39}},"30":{"start":{"line":47,"column":16},"end":{"line":47,"column":51}},"31":{"start":{"line":49,"column":16},"end":{"line":49,"column":60}},"32":{"start":{"line":49,"column":48},"end":{"line":49,"column":60}},"33":{"start":{"line":50,"column":16},"end":{"line":50,"column":134}},"34":{"start":{"line":56,"column":0},"end":{"line":56,"column":40}}},"branchMap":{"1":{"line":18,"type":"if","locations":[{"start":{"line":18,"column":8},"end":{"line":18,"column":8}},{"start":{"line":18,"column":8},"end":{"line":18,"column":8}}]},"2":{"line":19,"type":"if","locations":[{"start":{"line":19,"column":8},"end":{"line":19,"column":8}},{"start":{"line":19,"column":8},"end":{"line":19,"column":8}}]},"3":{"line":20,"type":"if","locations":[{"start":{"line":20,"column":8},"end":{"line":20,"column":8}},{"start":{"line":20,"column":8},"end":{"line":20,"column":8}}]},"4":{"line":31,"type":"if","locations":[{"start":{"line":31,"column":12},"end":{"line":31,"column":12}},{"start":{"line":31,"column":12},"end":{"line":31,"column":12}}]},"5":{"line":31,"type":"binary-expr","locations":[{"start":{"line":31,"column":15},"end":{"line":31,"column":35}},{"start":{"line":31,"column":39},"end":{"line":31,"column":67}}]},"6":{"line":49,"type":"if","locations":[{"start":{"line":49,"column":16},"end":{"line":49,"column":16}},{"start":{"line":49,"column":16},"end":{"line":49,"column":16}}]}}},"C:\\Dev\\qwebs\\qwebs\\lib\\utils\\walk.js":{"path":"C:\\Dev\\qwebs\\qwebs\\lib\\utils\\walk.js","s":{"1":1,"2":2,"3":2,"4":0,"5":2,"6":5,"7":0,"8":0,"9":5,"10":5,"11":5,"12":5,"13":11,"14":11,"15":11,"16":3,"17":8,"18":8,"19":5,"20":1},"b":{"1":[2,2],"2":[0,5],"3":[3,8],"4":[11,11],"5":[8,0]},"f":{"1":1,"2":2,"3":0,"4":5},"fnMap":{"1":{"name":"(anonymous_1)","line":12,"loc":{"start":{"line":12,"column":15},"end":{"line":12,"column":18}}},"2":{"name":"(anonymous_2)","line":15,"loc":{"start":{"line":15,"column":7},"end":{"line":15,"column":23}}},"3":{"name":"(anonymous_3)","line":17,"loc":{"start":{"line":17,"column":39},"end":{"line":17,"column":52}}},"4":{"name":"(anonymous_4)","line":23,"loc":{"start":{"line":23,"column":10},"end":{"line":23,"column":26}}}},"statementMap":{"1":{"start":{"line":9,"column":0},"end":{"line":9,"column":25}},"2":{"start":{"line":16,"column":8},"end":{"line":16,"column":34}},"3":{"start":{"line":17,"column":8},"end":{"line":19,"column":11}},"4":{"start":{"line":18,"column":12},"end":{"line":18,"column":33}},"5":{"start":{"line":20,"column":8},"end":{"line":20,"column":45}},"6":{"start":{"line":24,"column":8},"end":{"line":27,"column":9}},"7":{"start":{"line":25,"column":12},"end":{"line":25,"column":46}},"8":{"start":{"line":26,"column":12},"end":{"line":26,"column":22}},"9":{"start":{"line":29,"column":8},"end":{"line":29,"column":24}},"10":{"start":{"line":30,"column":8},"end":{"line":30,"column":39}},"11":{"start":{"line":32,"column":8},"end":{"line":32,"column":32}},"12":{"start":{"line":33,"column":8},"end":{"line":40,"column":9}},"13":{"start":{"line":34,"column":12},"end":{"line":34,"column":43}},"14":{"start":{"line":35,"column":12},"end":{"line":35,"column":41}},"15":{"start":{"line":36,"column":12},"end":{"line":39,"column":13}},"16":{"start":{"line":36,"column":44},"end":{"line":36,"column":98}},"17":{"start":{"line":38,"column":16},"end":{"line":38,"column":69}},"18":{"start":{"line":38,"column":50},"end":{"line":38,"column":69}},"19":{"start":{"line":41,"column":8},"end":{"line":41,"column":23}},"20":{"start":{"line":44,"column":0},"end":{"line":44,"column":38}}},"branchMap":{"1":{"line":16,"type":"binary-expr","locations":[{"start":{"line":16,"column":19},"end":{"line":16,"column":27}},{"start":{"line":16,"column":31},"end":{"line":16,"column":33}}]},"2":{"line":24,"type":"if","locations":[{"start":{"line":24,"column":8},"end":{"line":24,"column":8}},{"start":{"line":24,"column":8},"end":{"line":24,"column":8}}]},"3":{"line":36,"type":"if","locations":[{"start":{"line":36,"column":12},"end":{"line":36,"column":12}},{"start":{"line":36,"column":12},"end":{"line":36,"column":12}}]},"4":{"line":36,"type":"binary-expr","locations":[{"start":{"line":36,"column":16},"end":{"line":36,"column":20}},{"start":{"line":36,"column":24},"end":{"line":36,"column":42}}]},"5":{"line":38,"type":"if","locations":[{"start":{"line":38,"column":16},"end":{"line":38,"column":16}},{"start":{"line":38,"column":16},"end":{"line":38,"column":16}}]}}},"C:\\Dev\\qwebs\\qwebs\\lib\\routes\\asset.js":{"path":"C:\\Dev\\qwebs\\qwebs\\lib\\routes\\asset.js","s":{"1":1,"2":1,"3":1,"4":1,"5":1,"6":1,"7":1,"8":1,"9":1,"10":1,"11":6,"12":6,"13":6,"14":6,"15":6,"16":6,"17":6,"18":6,"19":1,"20":3,"21":3,"22":3,"23":3,"24":3,"25":4,"26":4,"27":0,"28":3,"29":1,"30":2,"31":0,"32":2,"33":1,"34":1,"35":0,"36":1,"37":3,"38":0,"39":3,"40":3,"41":3,"42":0,"43":3,"44":3,"45":0,"46":3,"47":4,"48":4,"49":4,"50":6,"51":6,"52":2,"53":4,"54":4,"55":1,"56":1,"57":1,"58":1,"59":0,"60":1,"61":1,"62":0,"63":0,"64":0,"65":0,"66":0,"67":0,"68":1,"69":1,"70":1,"71":1,"72":0,"73":1,"74":0,"75":0,"76":0,"77":0,"78":0,"79":0,"80":0,"81":0,"82":0,"83":0,"84":0,"85":0,"86":0,"87":0,"88":1,"89":1,"90":1,"91":0,"92":1,"93":1,"94":1,"95":1,"96":1,"97":0,"98":1,"99":0,"100":1,"101":0,"102":1,"103":1,"104":0,"105":0,"106":0,"107":0,"108":0,"109":1},"b":{"1":[1,5],"2":[0,4],"3":[1,2],"4":[0,2],"5":[1,1],"6":[0,1],"7":[0,3],"8":[4,1],"9":[2,4],"10":[6,5],"11":[1,3],"12":[0,1],"13":[1,0],"14":[1,0],"15":[0,0],"16":[1,0],"17":[0,1],"18":[0,0],"19":[0,1],"20":[0,1],"21":[0,1],"22":[0,1],"23":[1,0],"24":[0,0]},"f":{"1":6,"2":3,"3":3,"4":3,"5":3,"6":3,"7":0,"8":3,"9":3,"10":0,"11":3,"12":4,"13":4,"14":6,"15":1,"16":1,"17":1,"18":0,"19":1,"20":1,"21":0,"22":0,"23":1,"24":1,"25":1,"26":1},"fnMap":{"1":{"name":"(anonymous_1)","line":21,"loc":{"start":{"line":21,"column":15},"end":{"line":21,"column":40}}},"2":{"name":"(anonymous_2)","line":33,"loc":{"start":{"line":33,"column":17},"end":{"line":33,"column":32}}},"3":{"name":"(anonymous_3)","line":36,"loc":{"start":{"line":36,"column":21},"end":{"line":36,"column":33}}},"4":{"name":"(anonymous_4)","line":53,"loc":{"start":{"line":53,"column":16},"end":{"line":53,"column":35}}},"5":{"name":"(anonymous_5)","line":58,"loc":{"start":{"line":58,"column":16},"end":{"line":58,"column":35}}},"6":{"name":"(anonymous_6)","line":60,"loc":{"start":{"line":60,"column":65},"end":{"line":60,"column":83}}},"7":{"name":"(anonymous_7)","line":62,"loc":{"start":{"line":62,"column":21},"end":{"line":62,"column":37}}},"8":{"name":"(anonymous_8)","line":66,"loc":{"start":{"line":66,"column":16},"end":{"line":66,"column":35}}},"9":{"name":"(anonymous_9)","line":68,"loc":{"start":{"line":68,"column":62},"end":{"line":68,"column":80}}},"10":{"name":"(anonymous_10)","line":70,"loc":{"start":{"line":70,"column":21},"end":{"line":70,"column":37}}},"11":{"name":"(anonymous_11)","line":74,"loc":{"start":{"line":74,"column":16},"end":{"line":74,"column":28}}},"12":{"name":"(anonymous_12)","line":79,"loc":{"start":{"line":79,"column":13},"end":{"line":79,"column":37}}},"13":{"name":"(anonymous_13)","line":80,"loc":{"start":{"line":80,"column":21},"end":{"line":80,"column":33}}},"14":{"name":"(anonymous_14)","line":83,"loc":{"start":{"line":83,"column":39},"end":{"line":83,"column":68}}},"15":{"name":"(anonymous_15)","line":93,"loc":{"start":{"line":93,"column":16},"end":{"line":93,"column":31}}},"16":{"name":"(anonymous_16)","line":96,"loc":{"start":{"line":96,"column":84},"end":{"line":96,"column":99}}},"17":{"name":"(anonymous_17)","line":97,"loc":{"start":{"line":97,"column":89},"end":{"line":97,"column":105}}},"18":{"name":"(anonymous_18)","line":102,"loc":{"start":{"line":102,"column":35},"end":{"line":102,"column":52}}},"19":{"name":"(anonymous_19)","line":107,"loc":{"start":{"line":107,"column":20},"end":{"line":107,"column":43}}},"20":{"name":"(anonymous_20)","line":111,"loc":{"start":{"line":111,"column":20},"end":{"line":111,"column":37}}},"21":{"name":"(anonymous_21)","line":118,"loc":{"start":{"line":118,"column":15},"end":{"line":118,"column":30}}},"22":{"name":"(anonymous_22)","line":121,"loc":{"start":{"line":121,"column":83},"end":{"line":121,"column":101}}},"23":{"name":"(anonymous_23)","line":137,"loc":{"start":{"line":137,"column":17},"end":{"line":137,"column":32}}},"24":{"name":"(anonymous_24)","line":140,"loc":{"start":{"line":140,"column":85},"end":{"line":140,"column":103}}},"25":{"name":"(anonymous_25)","line":151,"loc":{"start":{"line":151,"column":10},"end":{"line":151,"column":30}}},"26":{"name":"(anonymous_26)","line":154,"loc":{"start":{"line":154,"column":21},"end":{"line":154,"column":32}}}},"statementMap":{"1":{"start":{"line":9,"column":0},"end":{"line":9,"column":29}},"2":{"start":{"line":10,"column":0},"end":{"line":10,"column":25}},"3":{"start":{"line":11,"column":0},"end":{"line":11,"column":29}},"4":{"start":{"line":12,"column":0},"end":{"line":12,"column":38}},"5":{"start":{"line":13,"column":0},"end":{"line":13,"column":38}},"6":{"start":{"line":14,"column":0},"end":{"line":14,"column":46}},"7":{"start":{"line":15,"column":0},"end":{"line":15,"column":54}},"8":{"start":{"line":16,"column":0},"end":{"line":16,"column":32}},"9":{"start":{"line":17,"column":0},"end":{"line":17,"column":23}},"10":{"start":{"line":18,"column":0},"end":{"line":18,"column":44}},"11":{"start":{"line":22,"column":8},"end":{"line":22,"column":28}},"12":{"start":{"line":23,"column":8},"end":{"line":23,"column":31}},"13":{"start":{"line":24,"column":8},"end":{"line":24,"column":27}},"14":{"start":{"line":25,"column":8},"end":{"line":25,"column":30}},"15":{"start":{"line":26,"column":8},"end":{"line":26,"column":28}},"16":{"start":{"line":27,"column":8},"end":{"line":27,"column":35}},"17":{"start":{"line":28,"column":8},"end":{"line":28,"column":32}},"18":{"start":{"line":30,"column":8},"end":{"line":30,"column":83}},"19":{"start":{"line":30,"column":25},"end":{"line":30,"column":83}},"20":{"start":{"line":34,"column":8},"end":{"line":34,"column":24}},"21":{"start":{"line":36,"column":8},"end":{"line":76,"column":11}},"22":{"start":{"line":38,"column":12},"end":{"line":38,"column":47}},"23":{"start":{"line":39,"column":12},"end":{"line":39,"column":59}},"24":{"start":{"line":41,"column":12},"end":{"line":45,"column":13}},"25":{"start":{"line":43,"column":16},"end":{"line":43,"column":97}},"26":{"start":{"line":44,"column":16},"end":{"line":44,"column":152}},"27":{"start":{"line":44,"column":46},"end":{"line":44,"column":152}},"28":{"start":{"line":47,"column":12},"end":{"line":50,"column":109}},"29":{"start":{"line":47,"column":31},"end":{"line":47,"column":70}},"30":{"start":{"line":48,"column":17},"end":{"line":50,"column":109}},"31":{"start":{"line":48,"column":35},"end":{"line":48,"column":73}},"32":{"start":{"line":49,"column":17},"end":{"line":50,"column":109}},"33":{"start":{"line":49,"column":37},"end":{"line":49,"column":77}},"34":{"start":{"line":50,"column":17},"end":{"line":50,"column":109}},"35":{"start":{"line":50,"column":37},"end":{"line":50,"column":109}},"36":{"start":{"line":51,"column":12},"end":{"line":51,"column":48}},"37":{"start":{"line":55,"column":12},"end":{"line":55,"column":114}},"38":{"start":{"line":55,"column":26},"end":{"line":55,"column":114}},"39":{"start":{"line":56,"column":12},"end":{"line":56,"column":35}},"40":{"start":{"line":60,"column":12},"end":{"line":64,"column":15}},"41":{"start":{"line":61,"column":16},"end":{"line":61,"column":45}},"42":{"start":{"line":63,"column":16},"end":{"line":63,"column":150}},"43":{"start":{"line":68,"column":12},"end":{"line":72,"column":15}},"44":{"start":{"line":69,"column":20},"end":{"line":69,"column":46}},"45":{"start":{"line":71,"column":16},"end":{"line":71,"column":147}},"46":{"start":{"line":75,"column":12},"end":{"line":75,"column":24}},"47":{"start":{"line":80,"column":8},"end":{"line":90,"column":11}},"48":{"start":{"line":81,"column":12},"end":{"line":81,"column":36}},"49":{"start":{"line":83,"column":12},"end":{"line":89,"column":21}},"50":{"start":{"line":85,"column":16},"end":{"line":85,"column":48}},"51":{"start":{"line":86,"column":16},"end":{"line":86,"column":73}},"52":{"start":{"line":86,"column":57},"end":{"line":86,"column":73}},"53":{"start":{"line":87,"column":16},"end":{"line":87,"column":73}},"54":{"start":{"line":88,"column":16},"end":{"line":88,"column":70}},"55":{"start":{"line":94,"column":8},"end":{"line":94,"column":24}},"56":{"start":{"line":96,"column":8},"end":{"line":115,"column":11}},"57":{"start":{"line":97,"column":12},"end":{"line":114,"column":15}},"58":{"start":{"line":98,"column":16},"end":{"line":98,"column":120}},"59":{"start":{"line":98,"column":35},"end":{"line":98,"column":120}},"60":{"start":{"line":99,"column":16},"end":{"line":99,"column":38}},"61":{"start":{"line":99,"column":27},"end":{"line":99,"column":38}},"62":{"start":{"line":101,"column":16},"end":{"line":101,"column":41}},"63":{"start":{"line":102,"column":16},"end":{"line":105,"column":19}},"64":{"start":{"line":103,"column":20},"end":{"line":104,"column":55}},"65":{"start":{"line":103,"column":39},"end":{"line":103,"column":125}},"66":{"start":{"line":104,"column":25},"end":{"line":104,"column":55}},"67":{"start":{"line":106,"column":16},"end":{"line":106,"column":40}},"68":{"start":{"line":108,"column":16},"end":{"line":108,"column":50}},"69":{"start":{"line":109,"column":16},"end":{"line":109,"column":39}},"70":{"start":{"line":110,"column":16},"end":{"line":110,"column":30}},"71":{"start":{"line":112,"column":16},"end":{"line":112,"column":58}},"72":{"start":{"line":112,"column":44},"end":{"line":112,"column":58}},"73":{"start":{"line":113,"column":16},"end":{"line":113,"column":60}},"74":{"start":{"line":119,"column":8},"end":{"line":119,"column":24}},"75":{"start":{"line":121,"column":8},"end":{"line":134,"column":11}},"76":{"start":{"line":122,"column":12},"end":{"line":122,"column":54}},"77":{"start":{"line":122,"column":40},"end":{"line":122,"column":54}},"78":{"start":{"line":124,"column":12},"end":{"line":124,"column":50}},"79":{"start":{"line":125,"column":12},"end":{"line":125,"column":40}},"80":{"start":{"line":126,"column":12},"end":{"line":126,"column":51}},"81":{"start":{"line":127,"column":12},"end":{"line":127,"column":64}},"82":{"start":{"line":128,"column":12},"end":{"line":128,"column":46}},"83":{"start":{"line":129,"column":12},"end":{"line":129,"column":52}},"84":{"start":{"line":130,"column":12},"end":{"line":130,"column":42}},"85":{"start":{"line":131,"column":12},"end":{"line":131,"column":49}},"86":{"start":{"line":132,"column":12},"end":{"line":132,"column":41}},"87":{"start":{"line":133,"column":12},"end":{"line":133,"column":37}},"88":{"start":{"line":138,"column":8},"end":{"line":138,"column":24}},"89":{"start":{"line":140,"column":8},"end":{"line":148,"column":11}},"90":{"start":{"line":141,"column":12},"end":{"line":141,"column":54}},"91":{"start":{"line":141,"column":40},"end":{"line":141,"column":54}},"92":{"start":{"line":142,"column":12},"end":{"line":146,"column":14}},"93":{"start":{"line":147,"column":12},"end":{"line":147,"column":57}},"94":{"start":{"line":152,"column":8},"end":{"line":152,"column":24}},"95":{"start":{"line":154,"column":8},"end":{"line":186,"column":11}},"96":{"start":{"line":155,"column":12},"end":{"line":155,"column":111}},"97":{"start":{"line":155,"column":26},"end":{"line":155,"column":111}},"98":{"start":{"line":156,"column":12},"end":{"line":156,"column":113}},"99":{"start":{"line":156,"column":27},"end":{"line":156,"column":113}},"100":{"start":{"line":157,"column":12},"end":{"line":157,"column":119}},"101":{"start":{"line":157,"column":30},"end":{"line":157,"column":119}},"102":{"start":{"line":159,"column":12},"end":{"line":159,"column":111}},"103":{"start":{"line":159,"column":31},"end":{"line":159,"column":111}},"104":{"start":{"line":161,"column":12},"end":{"line":161,"column":30}},"105":{"start":{"line":162,"column":12},"end":{"line":177,"column":13}},"106":{"start":{"line":163,"column":16},"end":{"line":167,"column":18}},"107":{"start":{"line":170,"column":16},"end":{"line":176,"column":18}},"108":{"start":{"line":179,"column":12},"end":{"line":185,"column":15}},"109":{"start":{"line":190,"column":0},"end":{"line":190,"column":33}}},"branchMap":{"1":{"line":30,"type":"if","locations":[{"start":{"line":30,"column":8},"end":{"line":30,"column":8}},{"start":{"line":30,"column":8},"end":{"line":30,"column":8}}]},"2":{"line":44,"type":"if","locations":[{"start":{"line":44,"column":16},"end":{"line":44,"column":16}},{"start":{"line":44,"column":16},"end":{"line":44,"column":16}}]},"3":{"line":47,"type":"if","locations":[{"start":{"line":47,"column":12},"end":{"line":47,"column":12}},{"start":{"line":47,"column":12},"end":{"line":47,"column":12}}]},"4":{"line":48,"type":"if","locations":[{"start":{"line":48,"column":17},"end":{"line":48,"column":17}},{"start":{"line":48,"column":17},"end":{"line":48,"column":17}}]},"5":{"line":49,"type":"if","locations":[{"start":{"line":49,"column":17},"end":{"line":49,"column":17}},{"start":{"line":49,"column":17},"end":{"line":49,"column":17}}]},"6":{"line":50,"type":"if","locations":[{"start":{"line":50,"column":17},"end":{"line":50,"column":17}},{"start":{"line":50,"column":17},"end":{"line":50,"column":17}}]},"7":{"line":55,"type":"if","locations":[{"start":{"line":55,"column":12},"end":{"line":55,"column":12}},{"start":{"line":55,"column":12},"end":{"line":55,"column":12}}]},"8":{"line":81,"type":"binary-expr","locations":[{"start":{"line":81,"column":22},"end":{"line":81,"column":29}},{"start":{"line":81,"column":33},"end":{"line":81,"column":35}}]},"9":{"line":86,"type":"if","locations":[{"start":{"line":86,"column":16},"end":{"line":86,"column":16}},{"start":{"line":86,"column":16},"end":{"line":86,"column":16}}]},"10":{"line":86,"type":"binary-expr","locations":[{"start":{"line":86,"column":20},"end":{"line":86,"column":31}},{"start":{"line":86,"column":35},"end":{"line":86,"column":55}}]},"11":{"line":88,"type":"cond-expr","locations":[{"start":{"line":88,"column":34},"end":{"line":88,"column":59}},{"start":{"line":88,"column":62},"end":{"line":88,"column":69}}]},"12":{"line":98,"type":"if","locations":[{"start":{"line":98,"column":16},"end":{"line":98,"column":16}},{"start":{"line":98,"column":16},"end":{"line":98,"column":16}}]},"13":{"line":98,"type":"binary-expr","locations":[{"start":{"line":98,"column":20},"end":{"line":98,"column":24}},{"start":{"line":98,"column":28},"end":{"line":98,"column":33}}]},"14":{"line":99,"type":"if","locations":[{"start":{"line":99,"column":16},"end":{"line":99,"column":16}},{"start":{"line":99,"column":16},"end":{"line":99,"column":16}}]},"15":{"line":103,"type":"if","locations":[{"start":{"line":103,"column":20},"end":{"line":103,"column":20}},{"start":{"line":103,"column":20},"end":{"line":103,"column":20}}]},"16":{"line":108,"type":"cond-expr","locations":[{"start":{"line":108,"column":35},"end":{"line":108,"column":45}},{"start":{"line":108,"column":47},"end":{"line":108,"column":49}}]},"17":{"line":112,"type":"if","locations":[{"start":{"line":112,"column":16},"end":{"line":112,"column":16}},{"start":{"line":112,"column":16},"end":{"line":112,"column":16}}]},"18":{"line":122,"type":"if","locations":[{"start":{"line":122,"column":12},"end":{"line":122,"column":12}},{"start":{"line":122,"column":12},"end":{"line":122,"column":12}}]},"19":{"line":141,"type":"if","locations":[{"start":{"line":141,"column":12},"end":{"line":141,"column":12}},{"start":{"line":141,"column":12},"end":{"line":141,"column":12}}]},"20":{"line":155,"type":"if","locations":[{"start":{"line":155,"column":12},"end":{"line":155,"column":12}},{"start":{"line":155,"column":12},"end":{"line":155,"column":12}}]},"21":{"line":156,"type":"if","locations":[{"start":{"line":156,"column":12},"end":{"line":156,"column":12}},{"start":{"line":156,"column":12},"end":{"line":156,"column":12}}]},"22":{"line":157,"type":"if","locations":[{"start":{"line":157,"column":12},"end":{"line":157,"column":12}},{"start":{"line":157,"column":12},"end":{"line":157,"column":12}}]},"23":{"line":159,"type":"if","locations":[{"start":{"line":159,"column":12},"end":{"line":159,"column":12}},{"start":{"line":159,"column":12},"end":{"line":159,"column":12}}]},"24":{"line":162,"type":"if","locations":[{"start":{"line":162,"column":12},"end":{"line":162,"column":12}},{"start":{"line":162,"column":12},"end":{"line":162,"column":12}}]}}},"C:\\Dev\\qwebs\\qwebs\\lib\\utils\\contentType.js":{"path":"C:\\Dev\\qwebs\\qwebs\\lib\\utils\\contentType.js","s":{"1":1,"2":17,"3":1,"4":1,"5":1,"6":1,"7":2,"8":1,"9":2,"10":2,"11":1,"12":1,"13":1,"14":1,"15":1,"16":1,"17":1},"b":{"1":[1,1,1,1,2,1,2,2,1,1,1,1,1,1]},"f":{"1":1,"2":17},"fnMap":{"1":{"name":"(anonymous_1)","line":12,"loc":{"start":{"line":12,"column":15},"end":{"line":12,"column":18}}},"2":{"name":"(anonymous_2)","line":15,"loc":{"start":{"line":15,"column":14},"end":{"line":15,"column":20}}}},"statementMap":{"1":{"start":{"line":9,"column":0},"end":{"line":9,"column":44}},"2":{"start":{"line":16,"column":8},"end":{"line":31,"column":9}},"3":{"start":{"line":17,"column":26},"end":{"line":17,"column":52}},"4":{"start":{"line":18,"column":25},"end":{"line":18,"column":44}},"5":{"start":{"line":19,"column":25},"end":{"line":19,"column":44}},"6":{"start":{"line":20,"column":25},"end":{"line":20,"column":44}},"7":{"start":{"line":21,"column":25},"end":{"line":21,"column":48}},"8":{"start":{"line":22,"column":24},"end":{"line":22,"column":56}},"9":{"start":{"line":23,"column":26},"end":{"line":23,"column":45}},"10":{"start":{"line":24,"column":25},"end":{"line":24,"column":43}},"11":{"start":{"line":25,"column":25},"end":{"line":25,"column":47}},"12":{"start":{"line":26,"column":25},"end":{"line":26,"column":57}},"13":{"start":{"line":27,"column":25},"end":{"line":27,"column":64}},"14":{"start":{"line":28,"column":26},"end":{"line":28,"column":57}},"15":{"start":{"line":29,"column":30},"end":{"line":29,"column":59}},"16":{"start":{"line":30,"column":21},"end":{"line":30,"column":109}},"17":{"start":{"line":35,"column":0},"end":{"line":35,"column":53}}},"branchMap":{"1":{"line":16,"type":"switch","locations":[{"start":{"line":17,"column":12},"end":{"line":17,"column":52}},{"start":{"line":18,"column":12},"end":{"line":18,"column":44}},{"start":{"line":19,"column":12},"end":{"line":19,"column":44}},{"start":{"line":20,"column":12},"end":{"line":20,"column":44}},{"start":{"line":21,"column":12},"end":{"line":21,"column":48}},{"start":{"line":22,"column":12},"end":{"line":22,"column":56}},{"start":{"line":23,"column":12},"end":{"line":23,"column":45}},{"start":{"line":24,"column":12},"end":{"line":24,"column":43}},{"start":{"line":25,"column":12},"end":{"line":25,"column":47}},{"start":{"line":26,"column":12},"end":{"line":26,"column":57}},{"start":{"line":27,"column":12},"end":{"line":27,"column":64}},{"start":{"line":28,"column":12},"end":{"line":28,"column":57}},{"start":{"line":29,"column":12},"end":{"line":29,"column":59}},{"start":{"line":30,"column":12},"end":{"line":30,"column":109}}]}}},"C:\\Dev\\qwebs\\qwebs\\lib\\loaders\\bundle.js":{"path":"C:\\Dev\\qwebs\\qwebs\\lib\\loaders\\bundle.js","s":{"1":1,"2":1,"3":1,"4":1,"5":1,"6":1,"7":0,"8":1,"9":0,"10":1,"11":0,"12":1,"13":1,"14":1,"15":1,"16":1,"17":1,"18":1,"19":0,"20":1,"21":1,"22":1,"23":1,"24":1,"25":1,"26":0,"27":0,"28":0,"29":0,"30":0,"31":1,"32":1,"33":1,"34":1,"35":1,"36":1,"37":1,"38":1},"b":{"1":[0,1],"2":[0,1],"3":[0,1],"4":[0,1],"5":[1,1],"6":[1,0],"7":[0,0]},"f":{"1":1,"2":1,"3":1,"4":1,"5":1,"6":1},"fnMap":{"1":{"name":"(anonymous_1)","line":16,"loc":{"start":{"line":16,"column":15},"end":{"line":16,"column":42}}},"2":{"name":"(anonymous_2)","line":25,"loc":{"start":{"line":25,"column":8},"end":{"line":25,"column":11}}},"3":{"name":"(anonymous_3)","line":28,"loc":{"start":{"line":28,"column":21},"end":{"line":28,"column":32}}},"4":{"name":"(anonymous_4)","line":36,"loc":{"start":{"line":36,"column":68},"end":{"line":36,"column":82}}},"5":{"name":"(anonymous_5)","line":52,"loc":{"start":{"line":52,"column":16},"end":{"line":52,"column":34}}},"6":{"name":"(anonymous_6)","line":62,"loc":{"start":{"line":62,"column":16},"end":{"line":62,"column":33}}}},"statementMap":{"1":{"start":{"line":9,"column":0},"end":{"line":9,"column":25}},"2":{"start":{"line":10,"column":0},"end":{"line":10,"column":29}},"3":{"start":{"line":11,"column":0},"end":{"line":11,"column":43}},"4":{"start":{"line":12,"column":0},"end":{"line":12,"column":44}},"5":{"start":{"line":13,"column":0},"end":{"line":13,"column":23}},"6":{"start":{"line":17,"column":8},"end":{"line":17,"column":88}},"7":{"start":{"line":17,"column":21},"end":{"line":17,"column":88}},"8":{"start":{"line":18,"column":8},"end":{"line":18,"column":81}},"9":{"start":{"line":18,"column":22},"end":{"line":18,"column":81}},"10":{"start":{"line":19,"column":8},"end":{"line":19,"column":81}},"11":{"start":{"line":19,"column":22},"end":{"line":19,"column":81}},"12":{"start":{"line":20,"column":8},"end":{"line":20,"column":29}},"13":{"start":{"line":21,"column":8},"end":{"line":21,"column":31}},"14":{"start":{"line":22,"column":8},"end":{"line":22,"column":31}},"15":{"start":{"line":26,"column":8},"end":{"line":26,"column":24}},"16":{"start":{"line":28,"column":8},"end":{"line":65,"column":11}},"17":{"start":{"line":29,"column":12},"end":{"line":29,"column":47}},"18":{"start":{"line":30,"column":12},"end":{"line":30,"column":57}},"19":{"start":{"line":30,"column":47},"end":{"line":30,"column":57}},"20":{"start":{"line":32,"column":12},"end":{"line":50,"column":81}},"21":{"start":{"line":34,"column":16},"end":{"line":47,"column":17}},"22":{"start":{"line":35,"column":20},"end":{"line":35,"column":72}},"23":{"start":{"line":36,"column":20},"end":{"line":43,"column":23}},"24":{"start":{"line":37,"column":24},"end":{"line":42,"column":25}},"25":{"start":{"line":38,"column":28},"end":{"line":38,"column":51}},"26":{"start":{"line":41,"column":28},"end":{"line":41,"column":169}},"27":{"start":{"line":46,"column":20},"end":{"line":46,"column":160}},"28":{"start":{"line":49,"column":17},"end":{"line":50,"column":81}},"29":{"start":{"line":49,"column":49},"end":{"line":49,"column":65}},"30":{"start":{"line":50,"column":17},"end":{"line":50,"column":81}},"31":{"start":{"line":53,"column":12},"end":{"line":53,"column":30}},"32":{"start":{"line":54,"column":12},"end":{"line":58,"column":13}},"33":{"start":{"line":55,"column":16},"end":{"line":55,"column":46}},"34":{"start":{"line":56,"column":16},"end":{"line":56,"column":75}},"35":{"start":{"line":57,"column":16},"end":{"line":57,"column":58}},"36":{"start":{"line":60,"column":12},"end":{"line":60,"column":35}},"37":{"start":{"line":63,"column":12},"end":{"line":63,"column":47}},"38":{"start":{"line":69,"column":0},"end":{"line":69,"column":40}}},"branchMap":{"1":{"line":17,"type":"if","locations":[{"start":{"line":17,"column":8},"end":{"line":17,"column":8}},{"start":{"line":17,"column":8},"end":{"line":17,"column":8}}]},"2":{"line":18,"type":"if","locations":[{"start":{"line":18,"column":8},"end":{"line":18,"column":8}},{"start":{"line":18,"column":8},"end":{"line":18,"column":8}}]},"3":{"line":19,"type":"if","locations":[{"start":{"line":19,"column":8},"end":{"line":19,"column":8}},{"start":{"line":19,"column":8},"end":{"line":19,"column":8}}]},"4":{"line":30,"type":"if","locations":[{"start":{"line":30,"column":12},"end":{"line":30,"column":12}},{"start":{"line":30,"column":12},"end":{"line":30,"column":12}}]},"5":{"line":30,"type":"binary-expr","locations":[{"start":{"line":30,"column":15},"end":{"line":30,"column":24}},{"start":{"line":30,"column":28},"end":{"line":30,"column":45}}]},"6":{"line":32,"type":"if","locations":[{"start":{"line":32,"column":12},"end":{"line":32,"column":12}},{"start":{"line":32,"column":12},"end":{"line":32,"column":12}}]},"7":{"line":49,"type":"if","locations":[{"start":{"line":49,"column":17},"end":{"line":49,"column":17}},{"start":{"line":49,"column":17},"end":{"line":49,"column":17}}]}}},"C:\\Dev\\qwebs\\qwebs\\lib\\loaders\\config.js":{"path":"C:\\Dev\\qwebs\\qwebs\\lib\\loaders\\config.js","s":{"1":1,"2":1,"3":1,"4":1,"5":8,"6":0,"7":8,"8":8,"9":8,"10":8,"11":1,"12":1,"13":1,"14":1,"15":0,"16":1,"17":1,"18":0,"19":0,"20":7,"21":7,"22":0,"23":8,"24":8,"25":8,"26":8,"27":8,"28":1},"b":{"1":[0,8],"2":[8,0],"3":[1,7],"4":[0,1],"5":[7,0],"6":[8,0],"7":[8,0]},"f":{"1":8,"2":8},"fnMap":{"1":{"name":"(anonymous_1)","line":15,"loc":{"start":{"line":15,"column":15},"end":{"line":15,"column":24}}},"2":{"name":"(anonymous_2)","line":20,"loc":{"start":{"line":20,"column":10},"end":{"line":20,"column":21}}}},"statementMap":{"1":{"start":{"line":9,"column":0},"end":{"line":9,"column":25}},"2":{"start":{"line":10,"column":0},"end":{"line":10,"column":29}},"3":{"start":{"line":11,"column":0},"end":{"line":11,"column":44}},"4":{"start":{"line":12,"column":0},"end":{"line":12,"column":23}},"5":{"start":{"line":16,"column":8},"end":{"line":16,"column":88}},"6":{"start":{"line":16,"column":21},"end":{"line":16,"column":88}},"7":{"start":{"line":17,"column":8},"end":{"line":17,"column":29}},"8":{"start":{"line":21,"column":8},"end":{"line":21,"column":47}},"9":{"start":{"line":23,"column":8},"end":{"line":23,"column":19}},"10":{"start":{"line":24,"column":8},"end":{"line":42,"column":84}},"11":{"start":{"line":26,"column":12},"end":{"line":39,"column":13}},"12":{"start":{"line":27,"column":16},"end":{"line":27,"column":68}},"13":{"start":{"line":28,"column":16},"end":{"line":28,"column":52}},"14":{"start":{"line":29,"column":16},"end":{"line":29,"column":120}},"15":{"start":{"line":29,"column":26},"end":{"line":29,"column":120}},"16":{"start":{"line":30,"column":16},"end":{"line":35,"column":17}},"17":{"start":{"line":31,"column":20},"end":{"line":31,"column":45}},"18":{"start":{"line":34,"column":20},"end":{"line":34,"column":168}},"19":{"start":{"line":38,"column":16},"end":{"line":38,"column":163}},"20":{"start":{"line":41,"column":13},"end":{"line":42,"column":84}},"21":{"start":{"line":41,"column":45},"end":{"line":41,"column":63}},"22":{"start":{"line":42,"column":13},"end":{"line":42,"column":84}},"23":{"start":{"line":44,"column":8},"end":{"line":44,"column":60}},"24":{"start":{"line":44,"column":37},"end":{"line":44,"column":60}},"25":{"start":{"line":45,"column":8},"end":{"line":45,"column":59}},"26":{"start":{"line":45,"column":36},"end":{"line":45,"column":59}},"27":{"start":{"line":47,"column":8},"end":{"line":47,"column":22}},"28":{"start":{"line":51,"column":0},"end":{"line":51,"column":40}}},"branchMap":{"1":{"line":16,"type":"if","locations":[{"start":{"line":16,"column":8},"end":{"line":16,"column":8}},{"start":{"line":16,"column":8},"end":{"line":16,"column":8}}]},"2":{"line":21,"type":"binary-expr","locations":[{"start":{"line":21,"column":19},"end":{"line":21,"column":27}},{"start":{"line":21,"column":31},"end":{"line":21,"column":46}}]},"3":{"line":24,"type":"if","locations":[{"start":{"line":24,"column":8},"end":{"line":24,"column":8}},{"start":{"line":24,"column":8},"end":{"line":24,"column":8}}]},"4":{"line":29,"type":"if","locations":[{"start":{"line":29,"column":16},"end":{"line":29,"column":16}},{"start":{"line":29,"column":16},"end":{"line":29,"column":16}}]},"5":{"line":41,"type":"if","locations":[{"start":{"line":41,"column":13},"end":{"line":41,"column":13}},{"start":{"line":41,"column":13},"end":{"line":41,"column":13}}]},"6":{"line":44,"type":"if","locations":[{"start":{"line":44,"column":8},"end":{"line":44,"column":8}},{"start":{"line":44,"column":8},"end":{"line":44,"column":8}}]},"7":{"line":45,"type":"if","locations":[{"start":{"line":45,"column":8},"end":{"line":45,"column":8}},{"start":{"line":45,"column":8},"end":{"line":45,"column":8}}]}}},"C:\\Dev\\qwebs\\qwebs\\lib\\loaders\\routes.js":{"path":"C:\\Dev\\qwebs\\qwebs\\lib\\loaders\\routes.js","s":{"1":1,"2":1,"3":1,"4":1,"5":1,"6":0,"7":1,"8":0,"9":1,"10":1,"11":1,"12":1,"13":1,"14":1,"15":0,"16":1,"17":1,"18":1,"19":1,"20":1,"21":1,"22":0,"23":0,"24":0,"25":0,"26":0,"27":1,"28":1,"29":1,"30":1,"31":1,"32":1,"33":1,"34":1,"35":0,"36":0,"37":0,"38":0,"39":0,"40":0,"41":0,"42":1,"43":1},"b":{"1":[0,1],"2":[0,1],"3":[0,1],"4":[1,0],"5":[0,0],"6":[1,0],"7":[1,0],"8":[1,0],"9":[0,0],"10":[0,0],"11":[0,0]},"f":{"1":1,"2":1,"3":1,"4":1,"5":1,"6":1,"7":1,"8":1},"fnMap":{"1":{"name":"(anonymous_1)","line":15,"loc":{"start":{"line":15,"column":15},"end":{"line":15,"column":33}}},"2":{"name":"(anonymous_2)","line":22,"loc":{"start":{"line":22,"column":8},"end":{"line":22,"column":11}}},"3":{"name":"(anonymous_3)","line":25,"loc":{"start":{"line":25,"column":21},"end":{"line":25,"column":32}}},"4":{"name":"(anonymous_4)","line":34,"loc":{"start":{"line":34,"column":68},"end":{"line":34,"column":82}}},"5":{"name":"(anonymous_5)","line":50,"loc":{"start":{"line":50,"column":16},"end":{"line":50,"column":33}}},"6":{"name":"(anonymous_6)","line":54,"loc":{"start":{"line":54,"column":36},"end":{"line":54,"column":54}}},"7":{"name":"(anonymous_7)","line":60,"loc":{"start":{"line":60,"column":16},"end":{"line":60,"column":33}}},"8":{"name":"(anonymous_8)","line":64,"loc":{"start":{"line":64,"column":36},"end":{"line":64,"column":54}}}},"statementMap":{"1":{"start":{"line":9,"column":0},"end":{"line":9,"column":25}},"2":{"start":{"line":10,"column":0},"end":{"line":10,"column":29}},"3":{"start":{"line":11,"column":0},"end":{"line":11,"column":44}},"4":{"start":{"line":12,"column":0},"end":{"line":12,"column":23}},"5":{"start":{"line":16,"column":8},"end":{"line":16,"column":88}},"6":{"start":{"line":16,"column":21},"end":{"line":16,"column":88}},"7":{"start":{"line":17,"column":8},"end":{"line":17,"column":81}},"8":{"start":{"line":17,"column":22},"end":{"line":17,"column":81}},"9":{"start":{"line":18,"column":8},"end":{"line":18,"column":29}},"10":{"start":{"line":19,"column":8},"end":{"line":19,"column":31}},"11":{"start":{"line":23,"column":8},"end":{"line":23,"column":24}},"12":{"start":{"line":25,"column":8},"end":{"line":73,"column":11}},"13":{"start":{"line":27,"column":12},"end":{"line":27,"column":47}},"14":{"start":{"line":28,"column":12},"end":{"line":28,"column":37}},"15":{"start":{"line":28,"column":27},"end":{"line":28,"column":37}},"16":{"start":{"line":30,"column":12},"end":{"line":48,"column":80}},"17":{"start":{"line":32,"column":16},"end":{"line":45,"column":17}},"18":{"start":{"line":33,"column":20},"end":{"line":33,"column":72}},"19":{"start":{"line":34,"column":20},"end":{"line":41,"column":23}},"20":{"start":{"line":35,"column":24},"end":{"line":40,"column":25}},"21":{"start":{"line":36,"column":28},"end":{"line":36,"column":51}},"22":{"start":{"line":39,"column":28},"end":{"line":39,"column":169}},"23":{"start":{"line":44,"column":20},"end":{"line":44,"column":160}},"24":{"start":{"line":47,"column":17},"end":{"line":48,"column":80}},"25":{"start":{"line":47,"column":49},"end":{"line":47,"column":65}},"26":{"start":{"line":48,"column":17},"end":{"line":48,"column":80}},"27":{"start":{"line":52,"column":12},"end":{"line":52,"column":52}},"28":{"start":{"line":54,"column":12},"end":{"line":56,"column":15}},"29":{"start":{"line":55,"column":16},"end":{"line":55,"column":84}},"30":{"start":{"line":58,"column":12},"end":{"line":58,"column":26}},"31":{"start":{"line":62,"column":12},"end":{"line":62,"column":52}},"32":{"start":{"line":64,"column":12},"end":{"line":70,"column":15}},"33":{"start":{"line":65,"column":16},"end":{"line":69,"column":102}},"34":{"start":{"line":65,"column":33},"end":{"line":65,"column":95}},"35":{"start":{"line":66,"column":21},"end":{"line":69,"column":102}},"36":{"start":{"line":66,"column":39},"end":{"line":66,"column":103}},"37":{"start":{"line":67,"column":21},"end":{"line":69,"column":102}},"38":{"start":{"line":67,"column":38},"end":{"line":67,"column":100}},"39":{"start":{"line":68,"column":21},"end":{"line":69,"column":102}},"40":{"start":{"line":68,"column":41},"end":{"line":68,"column":109}},"41":{"start":{"line":69,"column":21},"end":{"line":69,"column":102}},"42":{"start":{"line":72,"column":12},"end":{"line":72,"column":26}},"43":{"start":{"line":77,"column":0},"end":{"line":77,"column":39}}},"branchMap":{"1":{"line":16,"type":"if","locations":[{"start":{"line":16,"column":8},"end":{"line":16,"column":8}},{"start":{"line":16,"column":8},"end":{"line":16,"column":8}}]},"2":{"line":17,"type":"if","locations":[{"start":{"line":17,"column":8},"end":{"line":17,"column":8}},{"start":{"line":17,"column":8},"end":{"line":17,"column":8}}]},"3":{"line":28,"type":"if","locations":[{"start":{"line":28,"column":12},"end":{"line":28,"column":12}},{"start":{"line":28,"column":12},"end":{"line":28,"column":12}}]},"4":{"line":30,"type":"if","locations":[{"start":{"line":30,"column":12},"end":{"line":30,"column":12}},{"start":{"line":30,"column":12},"end":{"line":30,"column":12}}]},"5":{"line":47,"type":"if","locations":[{"start":{"line":47,"column":17},"end":{"line":47,"column":17}},{"start":{"line":47,"column":17},"end":{"line":47,"column":17}}]},"6":{"line":52,"type":"binary-expr","locations":[{"start":{"line":52,"column":30},"end":{"line":52,"column":45}},{"start":{"line":52,"column":49},"end":{"line":52,"column":51}}]},"7":{"line":62,"type":"binary-expr","locations":[{"start":{"line":62,"column":30},"end":{"line":62,"column":45}},{"start":{"line":62,"column":49},"end":{"line":62,"column":51}}]},"8":{"line":65,"type":"if","locations":[{"start":{"line":65,"column":16},"end":{"line":65,"column":16}},{"start":{"line":65,"column":16},"end":{"line":65,"column":16}}]},"9":{"line":66,"type":"if","locations":[{"start":{"line":66,"column":21},"end":{"line":66,"column":21}},{"start":{"line":66,"column":21},"end":{"line":66,"column":21}}]},"10":{"line":67,"type":"if","locations":[{"start":{"line":67,"column":21},"end":{"line":67,"column":21}},{"start":{"line":67,"column":21},"end":{"line":67,"column":21}}]},"11":{"line":68,"type":"if","locations":[{"start":{"line":68,"column":21},"end":{"line":68,"column":21}},{"start":{"line":68,"column":21},"end":{"line":68,"column":21}}]}}},"C:\\Dev\\qwebs\\qwebs\\lib\\router.js":{"path":"C:\\Dev\\qwebs\\qwebs\\lib\\router.js","s":{"1":1,"2":1,"3":1,"4":1,"5":1,"6":1,"7":1,"8":1,"9":1,"10":1,"11":12,"12":12,"13":12,"14":12,"15":12,"16":12,"17":0,"18":0,"19":0,"20":0,"21":11,"22":11,"23":11,"24":0,"25":0,"26":0,"27":0,"28":0,"29":0,"30":0,"31":0,"32":0,"33":0,"34":0,"35":2,"36":2,"37":3,"38":3,"39":0,"40":3,"41":2,"42":7,"43":7,"44":7,"45":7,"46":0,"47":7,"48":0,"49":0,"50":0,"51":0,"52":7,"53":7,"54":7,"55":6,"56":7,"57":7,"58":7,"59":7,"60":7,"61":7,"62":0,"63":0,"64":7,"65":7,"66":0,"67":1},"b":{"1":[0,3],"2":[7,0,0,0,0],"3":[0,7],"4":[6,1],"5":[7,0],"6":[7,0],"7":[0,7]},"f":{"1":12,"2":0,"3":11,"4":0,"5":0,"6":0,"7":0,"8":2,"9":7,"10":7,"11":7},"fnMap":{"1":{"name":"(anonymous_1)","line":21,"loc":{"start":{"line":21,"column":15},"end":{"line":21,"column":24}}},"2":{"name":"(anonymous_2)","line":30,"loc":{"start":{"line":30,"column":8},"end":{"line":30,"column":11}}},"3":{"name":"(anonymous_3)","line":37,"loc":{"start":{"line":37,"column":7},"end":{"line":37,"column":15}}},"4":{"name":"(anonymous_4)","line":43,"loc":{"start":{"line":43,"column":8},"end":{"line":43,"column":16}}},"5":{"name":"(anonymous_5)","line":49,"loc":{"start":{"line":49,"column":10},"end":{"line":49,"column":18}}},"6":{"name":"(anonymous_6)","line":55,"loc":{"start":{"line":55,"column":7},"end":{"line":55,"column":15}}},"7":{"name":"(anonymous_7)","line":61,"loc":{"start":{"line":61,"column":9},"end":{"line":61,"column":17}}},"8":{"name":"(anonymous_8)","line":66,"loc":{"start":{"line":66,"column":10},"end":{"line":66,"column":19}}},"9":{"name":"(anonymous_9)","line":76,"loc":{"start":{"line":76,"column":8},"end":{"line":76,"column":18}}},"10":{"name":"(anonymous_10)","line":94,"loc":{"start":{"line":94,"column":10},"end":{"line":94,"column":44}}},"11":{"name":"(anonymous_11)","line":97,"loc":{"start":{"line":97,"column":21},"end":{"line":97,"column":33}}}},"statementMap":{"1":{"start":{"line":9,"column":0},"end":{"line":9,"column":27}},"2":{"start":{"line":10,"column":0},"end":{"line":10,"column":43}},"3":{"start":{"line":11,"column":0},"end":{"line":11,"column":36}},"4":{"start":{"line":12,"column":0},"end":{"line":12,"column":38}},"5":{"start":{"line":13,"column":0},"end":{"line":13,"column":42}},"6":{"start":{"line":14,"column":0},"end":{"line":14,"column":36}},"7":{"start":{"line":15,"column":0},"end":{"line":15,"column":40}},"8":{"start":{"line":16,"column":0},"end":{"line":16,"column":41}},"9":{"start":{"line":17,"column":0},"end":{"line":17,"column":37}},"10":{"start":{"line":18,"column":0},"end":{"line":18,"column":23}},"11":{"start":{"line":22,"column":8},"end":{"line":22,"column":29}},"12":{"start":{"line":23,"column":8},"end":{"line":23,"column":34}},"13":{"start":{"line":24,"column":8},"end":{"line":24,"column":35}},"14":{"start":{"line":25,"column":8},"end":{"line":25,"column":37}},"15":{"start":{"line":26,"column":8},"end":{"line":26,"column":34}},"16":{"start":{"line":27,"column":8},"end":{"line":27,"column":36}},"17":{"start":{"line":31,"column":8},"end":{"line":31,"column":28}},"18":{"start":{"line":32,"column":8},"end":{"line":32,"column":29}},"19":{"start":{"line":33,"column":8},"end":{"line":33,"column":28}},"20":{"start":{"line":34,"column":8},"end":{"line":34,"column":31}},"21":{"start":{"line":38,"column":8},"end":{"line":38,"column":47}},"22":{"start":{"line":39,"column":8},"end":{"line":39,"column":32}},"23":{"start":{"line":40,"column":8},"end":{"line":40,"column":20}},"24":{"start":{"line":44,"column":8},"end":{"line":44,"column":48}},"25":{"start":{"line":45,"column":8},"end":{"line":45,"column":33}},"26":{"start":{"line":46,"column":8},"end":{"line":46,"column":20}},"27":{"start":{"line":50,"column":8},"end":{"line":50,"column":50}},"28":{"start":{"line":51,"column":8},"end":{"line":51,"column":35}},"29":{"start":{"line":52,"column":8},"end":{"line":52,"column":20}},"30":{"start":{"line":56,"column":8},"end":{"line":56,"column":47}},"31":{"start":{"line":57,"column":8},"end":{"line":57,"column":32}},"32":{"start":{"line":58,"column":8},"end":{"line":58,"column":20}},"33":{"start":{"line":62,"column":8},"end":{"line":62,"column":35}},"34":{"start":{"line":63,"column":8},"end":{"line":63,"column":21}},"35":{"start":{"line":67,"column":8},"end":{"line":67,"column":34}},"36":{"start":{"line":68,"column":8},"end":{"line":72,"column":9}},"37":{"start":{"line":69,"column":12},"end":{"line":69,"column":34}},"38":{"start":{"line":70,"column":12},"end":{"line":70,"column":82}},"39":{"start":{"line":70,"column":24},"end":{"line":70,"column":82}},"40":{"start":{"line":71,"column":12},"end":{"line":71,"column":39}},"41":{"start":{"line":73,"column":8},"end":{"line":73,"column":22}},"42":{"start":{"line":77,"column":8},"end":{"line":77,"column":24}},"43":{"start":{"line":78,"column":8},"end":{"line":91,"column":9}},"44":{"start":{"line":80,"column":16},"end":{"line":80,"column":69}},"45":{"start":{"line":81,"column":16},"end":{"line":81,"column":40}},"46":{"start":{"line":81,"column":27},"end":{"line":81,"column":40}},"47":{"start":{"line":82,"column":16},"end":{"line":82,"column":62}},"48":{"start":{"line":84,"column":16},"end":{"line":84,"column":63}},"49":{"start":{"line":86,"column":16},"end":{"line":86,"column":62}},"50":{"start":{"line":88,"column":16},"end":{"line":88,"column":65}},"51":{"start":{"line":90,"column":16},"end":{"line":90,"column":71}},"52":{"start":{"line":95,"column":8},"end":{"line":95,"column":24}},"53":{"start":{"line":97,"column":8},"end":{"line":120,"column":11}},"54":{"start":{"line":99,"column":12},"end":{"line":99,"column":56}},"55":{"start":{"line":99,"column":29},"end":{"line":99,"column":56}},"56":{"start":{"line":100,"column":12},"end":{"line":100,"column":46}},"57":{"start":{"line":102,"column":12},"end":{"line":102,"column":45}},"58":{"start":{"line":103,"column":12},"end":{"line":103,"column":64}},"59":{"start":{"line":105,"column":12},"end":{"line":105,"column":42}},"60":{"start":{"line":106,"column":12},"end":{"line":119,"column":85}},"61":{"start":{"line":108,"column":16},"end":{"line":114,"column":17}},"62":{"start":{"line":109,"column":20},"end":{"line":112,"column":22}},"63":{"start":{"line":113,"column":20},"end":{"line":113,"column":136}},"64":{"start":{"line":116,"column":16},"end":{"line":116,"column":45}},"65":{"start":{"line":117,"column":16},"end":{"line":117,"column":61}},"66":{"start":{"line":119,"column":17},"end":{"line":119,"column":85}},"67":{"start":{"line":124,"column":0},"end":{"line":124,"column":34}}},"branchMap":{"1":{"line":70,"type":"if","locations":[{"start":{"line":70,"column":12},"end":{"line":70,"column":12}},{"start":{"line":70,"column":12},"end":{"line":70,"column":12}}]},"2":{"line":78,"type":"switch","locations":[{"start":{"line":79,"column":12},"end":{"line":82,"column":62}},{"start":{"line":83,"column":12},"end":{"line":84,"column":63}},{"start":{"line":85,"column":12},"end":{"line":86,"column":62}},{"start":{"line":87,"column":12},"end":{"line":88,"column":65}},{"start":{"line":89,"column":12},"end":{"line":90,"column":71}}]},"3":{"line":81,"type":"if","locations":[{"start":{"line":81,"column":16},"end":{"line":81,"column":16}},{"start":{"line":81,"column":16},"end":{"line":81,"column":16}}]},"4":{"line":99,"type":"if","locations":[{"start":{"line":99,"column":12},"end":{"line":99,"column":12}},{"start":{"line":99,"column":12},"end":{"line":99,"column":12}}]},"5":{"line":103,"type":"binary-expr","locations":[{"start":{"line":103,"column":28},"end":{"line":103,"column":57}},{"start":{"line":103,"column":61},"end":{"line":103,"column":63}}]},"6":{"line":106,"type":"if","locations":[{"start":{"line":106,"column":12},"end":{"line":106,"column":12}},{"start":{"line":106,"column":12},"end":{"line":106,"column":12}}]},"7":{"line":108,"type":"if","locations":[{"start":{"line":108,"column":16},"end":{"line":108,"column":16}},{"start":{"line":108,"column":16},"end":{"line":108,"column":16}}]}}},"C:\\Dev\\qwebs\\qwebs\\lib\\routes\\get.js":{"path":"C:\\Dev\\qwebs\\qwebs\\lib\\routes\\get.js","s":{"1":1,"2":1,"3":1,"4":11,"5":11,"6":11,"7":11,"8":11,"9":11,"10":11,"11":0,"12":11,"13":0,"14":11,"15":11,"16":11,"17":10,"18":10,"19":10,"20":0,"21":7,"22":7,"23":7,"24":0,"25":7,"26":0,"27":7,"28":7,"29":7,"30":1},"b":{"1":[0,11],"2":[0,11],"3":[0,10],"4":[0,7],"5":[0,7]},"f":{"1":11,"2":11,"3":10,"4":7,"5":7,"6":7},"fnMap":{"1":{"name":"(anonymous_1)","line":14,"loc":{"start":{"line":14,"column":15},"end":{"line":14,"column":31}}},"2":{"name":"(anonymous_2)","line":23,"loc":{"start":{"line":23,"column":12},"end":{"line":23,"column":38}}},"3":{"name":"(anonymous_3)","line":33,"loc":{"start":{"line":33,"column":8},"end":{"line":33,"column":11}}},"4":{"name":"(anonymous_4)","line":40,"loc":{"start":{"line":40,"column":11},"end":{"line":40,"column":31}}},"5":{"name":"(anonymous_5)","line":42,"loc":{"start":{"line":42,"column":21},"end":{"line":42,"column":33}}},"6":{"name":"(anonymous_6)","line":46,"loc":{"start":{"line":46,"column":32},"end":{"line":46,"column":44}}}},"statementMap":{"1":{"start":{"line":9,"column":0},"end":{"line":9,"column":27}},"2":{"start":{"line":10,"column":0},"end":{"line":10,"column":44}},"3":{"start":{"line":11,"column":0},"end":{"line":11,"column":23}},"4":{"start":{"line":15,"column":8},"end":{"line":15,"column":29}},"5":{"start":{"line":16,"column":8},"end":{"line":16,"column":27}},"6":{"start":{"line":17,"column":8},"end":{"line":17,"column":32}},"7":{"start":{"line":18,"column":8},"end":{"line":18,"column":32}},"8":{"start":{"line":19,"column":8},"end":{"line":19,"column":31}},"9":{"start":{"line":20,"column":8},"end":{"line":20,"column":27}},"10":{"start":{"line":24,"column":8},"end":{"line":24,"column":114}},"11":{"start":{"line":24,"column":26},"end":{"line":24,"column":114}},"12":{"start":{"line":25,"column":8},"end":{"line":25,"column":112}},"13":{"start":{"line":25,"column":25},"end":{"line":25,"column":112}},"14":{"start":{"line":27,"column":8},"end":{"line":27,"column":39}},"15":{"start":{"line":28,"column":8},"end":{"line":28,"column":37}},"16":{"start":{"line":30,"column":8},"end":{"line":30,"column":20}},"17":{"start":{"line":34,"column":8},"end":{"line":34,"column":61}},"18":{"start":{"line":35,"column":8},"end":{"line":35,"column":52}},"19":{"start":{"line":36,"column":8},"end":{"line":36,"column":146}},"20":{"start":{"line":36,"column":26},"end":{"line":36,"column":146}},"21":{"start":{"line":41,"column":8},"end":{"line":41,"column":24}},"22":{"start":{"line":42,"column":8},"end":{"line":51,"column":11}},"23":{"start":{"line":43,"column":12},"end":{"line":43,"column":118}},"24":{"start":{"line":43,"column":30},"end":{"line":43,"column":118}},"25":{"start":{"line":44,"column":12},"end":{"line":44,"column":118}},"26":{"start":{"line":44,"column":31},"end":{"line":44,"column":118}},"27":{"start":{"line":46,"column":12},"end":{"line":48,"column":15}},"28":{"start":{"line":47,"column":16},"end":{"line":47,"column":36}},"29":{"start":{"line":50,"column":12},"end":{"line":50,"column":78}},"30":{"start":{"line":55,"column":0},"end":{"line":55,"column":31}}},"branchMap":{"1":{"line":24,"type":"if","locations":[{"start":{"line":24,"column":8},"end":{"line":24,"column":8}},{"start":{"line":24,"column":8},"end":{"line":24,"column":8}}]},"2":{"line":25,"type":"if","locations":[{"start":{"line":25,"column":8},"end":{"line":25,"column":8}},{"start":{"line":25,"column":8},"end":{"line":25,"column":8}}]},"3":{"line":36,"type":"if","locations":[{"start":{"line":36,"column":8},"end":{"line":36,"column":8}},{"start":{"line":36,"column":8},"end":{"line":36,"column":8}}]},"4":{"line":43,"type":"if","locations":[{"start":{"line":43,"column":12},"end":{"line":43,"column":12}},{"start":{"line":43,"column":12},"end":{"line":43,"column":12}}]},"5":{"line":44,"type":"if","locations":[{"start":{"line":44,"column":12},"end":{"line":44,"column":12}},{"start":{"line":44,"column":12},"end":{"line":44,"column":12}}]}}},"C:\\Dev\\qwebs\\qwebs\\lib\\routes\\post.js":{"path":"C:\\Dev\\qwebs\\qwebs\\lib\\routes\\post.js","s":{"1":1,"2":1,"3":1,"4":1,"5":1,"6":1,"7":0,"8":0,"9":0,"10":0,"11":0,"12":0,"13":0,"14":0,"15":0,"16":0,"17":0,"18":0,"19":0,"20":0,"21":0,"22":0,"23":0,"24":0,"25":0,"26":0,"27":0,"28":0,"29":0,"30":0,"31":0,"32":0,"33":0,"34":0,"35":0,"36":0,"37":0,"38":0,"39":0,"40":0,"41":0,"42":0,"43":0,"44":0,"45":1},"b":{"1":[0,0],"2":[0,0],"3":[0,0],"4":[0,0],"5":[0,0],"6":[0,0],"7":[0,0],"8":[0,0]},"f":{"1":0,"2":0,"3":0,"4":0,"5":0,"6":0,"7":0,"8":0,"9":0,"10":0,"11":0},"fnMap":{"1":{"name":"(anonymous_1)","line":17,"loc":{"start":{"line":17,"column":15},"end":{"line":17,"column":31}}},"2":{"name":"(anonymous_2)","line":21,"loc":{"start":{"line":21,"column":10},"end":{"line":21,"column":30}}},"3":{"name":"(anonymous_3)","line":24,"loc":{"start":{"line":24,"column":21},"end":{"line":24,"column":33}}},"4":{"name":"(anonymous_4)","line":40,"loc":{"start":{"line":40,"column":53},"end":{"line":40,"column":69}}},"5":{"name":"(anonymous_5)","line":46,"loc":{"start":{"line":46,"column":61},"end":{"line":46,"column":77}}},"6":{"name":"(anonymous_6)","line":52,"loc":{"start":{"line":52,"column":61},"end":{"line":52,"column":77}}},"7":{"name":"(anonymous_7)","line":60,"loc":{"start":{"line":60,"column":16},"end":{"line":60,"column":28}}},"8":{"name":"(anonymous_8)","line":61,"loc":{"start":{"line":61,"column":32},"end":{"line":61,"column":44}}},"9":{"name":"(anonymous_9)","line":69,"loc":{"start":{"line":69,"column":12},"end":{"line":69,"column":32}}},"10":{"name":"(anonymous_10)","line":73,"loc":{"start":{"line":73,"column":27},"end":{"line":73,"column":44}}},"11":{"name":"(anonymous_11)","line":77,"loc":{"start":{"line":77,"column":26},"end":{"line":77,"column":38}}}},"statementMap":{"1":{"start":{"line":9,"column":0},"end":{"line":9,"column":29}},"2":{"start":{"line":10,"column":0},"end":{"line":10,"column":29}},"3":{"start":{"line":11,"column":0},"end":{"line":11,"column":41}},"4":{"start":{"line":12,"column":0},"end":{"line":12,"column":44}},"5":{"start":{"line":13,"column":0},"end":{"line":13,"column":43}},"6":{"start":{"line":14,"column":0},"end":{"line":14,"column":23}},"7":{"start":{"line":18,"column":8},"end":{"line":18,"column":29}},"8":{"start":{"line":22,"column":8},"end":{"line":22,"column":24}},"9":{"start":{"line":24,"column":8},"end":{"line":66,"column":11}},"10":{"start":{"line":25,"column":12},"end":{"line":25,"column":153}},"11":{"start":{"line":25,"column":37},"end":{"line":25,"column":153}},"12":{"start":{"line":27,"column":12},"end":{"line":27,"column":42}},"13":{"start":{"line":28,"column":12},"end":{"line":28,"column":62}},"14":{"start":{"line":30,"column":12},"end":{"line":33,"column":13}},"15":{"start":{"line":31,"column":16},"end":{"line":31,"column":58}},"16":{"start":{"line":32,"column":16},"end":{"line":32,"column":39}},"17":{"start":{"line":35,"column":12},"end":{"line":58,"column":62}},"18":{"start":{"line":38,"column":16},"end":{"line":38,"column":64}},"19":{"start":{"line":39,"column":16},"end":{"line":39,"column":73}},"20":{"start":{"line":40,"column":16},"end":{"line":43,"column":19}},"21":{"start":{"line":41,"column":20},"end":{"line":42,"column":45}},"22":{"start":{"line":41,"column":37},"end":{"line":41,"column":55}},"23":{"start":{"line":42,"column":25},"end":{"line":42,"column":45}},"24":{"start":{"line":45,"column":17},"end":{"line":58,"column":62}},"25":{"start":{"line":46,"column":16},"end":{"line":49,"column":19}},"26":{"start":{"line":47,"column":20},"end":{"line":48,"column":57}},"27":{"start":{"line":47,"column":37},"end":{"line":47,"column":55}},"28":{"start":{"line":48,"column":25},"end":{"line":48,"column":57}},"29":{"start":{"line":51,"column":17},"end":{"line":58,"column":62}},"30":{"start":{"line":52,"column":16},"end":{"line":56,"column":19}},"31":{"start":{"line":53,"column":20},"end":{"line":54,"column":64}},"32":{"start":{"line":53,"column":37},"end":{"line":53,"column":55}},"33":{"start":{"line":54,"column":25},"end":{"line":54,"column":64}},"34":{"start":{"line":58,"column":17},"end":{"line":58,"column":62}},"35":{"start":{"line":61,"column":12},"end":{"line":63,"column":15}},"36":{"start":{"line":62,"column":16},"end":{"line":62,"column":36}},"37":{"start":{"line":65,"column":12},"end":{"line":65,"column":78}},"38":{"start":{"line":70,"col
[...]
":"(anonymous_22)","line":148,"loc":{"start":{"line":148,"column":88},"end":{"line":148,"column":109}}},"23":{"name":"(anonymous_23)","line":149,"loc":{"start":{"line":149,"column":75},"end":{"line":149,"column":96}}},"24":{"name":"(anonymous_24)","line":150,"loc":{"start":{"line":150,"column":67},"end":{"line":150,"column":88}}},"25":{"name":"(anonymous_25)","line":154,"loc":{"start":{"line":154,"column":28},"end":{"line":154,"column":49}}},"26":{"name":"(anonymous_26)","line":156,"loc":{"start":{"line":156,"column":62},"end":{"line":156,"column":80}}},"27":{"name":"(anonymous_27)","line":158,"loc":{"start":{"line":158,"column":59},"end":{"line":158,"column":76}}},"28":{"name":"(anonymous_28)","line":172,"loc":{"start":{"line":172,"column":15},"end":{"line":172,"column":38}}},"29":{"name":"(anonymous_29)","line":178,"loc":{"start":{"line":178,"column":37},"end":{"line":178,"column":52}}},"30":{"name":"(anonymous_30)","line":184,"loc":{"start":{"line":184,"column":13},"end":{"line":184,"column":27}}},"31":{"name":"(anonymous_31)","line":188,"loc":{"start":{"line":188,"column":13},"end":{"line":188,"column":21}}},"32":{"name":"(anonymous_32)","line":194,"loc":{"start":{"line":194,"column":12},"end":{"line":194,"column":25}}},"33":{"name":"(anonymous_33)","line":200,"loc":{"start":{"line":200,"column":8},"end":{"line":200,"column":19}}},"34":{"name":"(anonymous_34)","line":206,"loc":{"start":{"line":206,"column":11},"end":{"line":206,"column":22}}},"35":{"name":"(anonymous_35)","line":212,"loc":{"start":{"line":212,"column":9},"end":{"line":212,"column":20}}},"36":{"name":"(anonymous_36)","line":218,"loc":{"start":{"line":218,"column":8},"end":{"line":218,"column":58}}},"37":{"name":"(anonymous_37)","line":224,"loc":{"start":{"line":224,"column":13},"end":{"line":224,"column":21}}},"38":{"name":"(anonymous_38)","line":227,"loc":{"start":{"line":227,"column":21},"end":{"line":227,"column":32}}}},"statementMap":{"1":{"start":{"line":9,"column":0},"end":{"line":9,"column":23}},"2":{"start":{"line":10,"column":0},"end":{"line":10,"column":29}},"3":{"start":{"line":11,"column":0},"end":{"line":11,"column":44}},"4":{"start":{"line":18,"column":8},"end":{"line":18,"column":33}},"5":{"start":{"line":19,"column":8},"end":{"line":21,"column":11}},"6":{"start":{"line":20,"column":12},"end":{"line":20,"column":35}},"7":{"start":{"line":22,"column":8},"end":{"line":22,"column":32}},"8":{"start":{"line":26,"column":8},"end":{"line":26,"column":78}},"9":{"start":{"line":26,"column":20},"end":{"line":26,"column":78}},"10":{"start":{"line":28,"column":8},"end":{"line":28,"column":41}},"11":{"start":{"line":32,"column":8},"end":{"line":32,"column":90}},"12":{"start":{"line":32,"column":26},"end":{"line":32,"column":90}},"13":{"start":{"line":34,"column":8},"end":{"line":34,"column":58}},"14":{"start":{"line":38,"column":8},"end":{"line":38,"column":78}},"15":{"start":{"line":38,"column":20},"end":{"line":38,"column":78}},"16":{"start":{"line":40,"column":8},"end":{"line":43,"column":11}},"17":{"start":{"line":41,"column":12},"end":{"line":41,"column":82}},"18":{"start":{"line":42,"column":12},"end":{"line":42,"column":24}},"19":{"start":{"line":47,"column":8},"end":{"line":47,"column":78}},"20":{"start":{"line":47,"column":20},"end":{"line":47,"column":78}},"21":{"start":{"line":48,"column":8},"end":{"line":48,"column":78}},"22":{"start":{"line":48,"column":20},"end":{"line":48,"column":78}},"23":{"start":{"line":49,"column":8},"end":{"line":49,"column":80}},"24":{"start":{"line":49,"column":21},"end":{"line":49,"column":80}},"25":{"start":{"line":51,"column":8},"end":{"line":51,"column":57}},"26":{"start":{"line":55,"column":8},"end":{"line":55,"column":78}},"27":{"start":{"line":55,"column":20},"end":{"line":55,"column":78}},"28":{"start":{"line":56,"column":8},"end":{"line":56,"column":83}},"29":{"start":{"line":56,"column":26},"end":{"line":56,"column":83}},"30":{"start":{"line":57,"column":8},"end":{"line":57,"column":81}},"31":{"start":{"line":57,"column":25},"end":{"line":57,"column":81}},"32":{"start":{"line":58,"column":8},"end":{"line":58,"column":85}},"33":{"start":{"line":58,"column":27},"end":{"line":58,"column":85}},"34":{"start":{"line":59,"column":8},"end":{"line":59,"column":87}},"35":{"start":{"line":59,"column":28},"end":{"line":59,"column":87}},"36":{"start":{"line":61,"column":8},"end":{"line":61,"column":66}},"37":{"start":{"line":65,"column":8},"end":{"line":65,"column":78}},"38":{"start":{"line":65,"column":20},"end":{"line":65,"column":78}},"39":{"start":{"line":66,"column":8},"end":{"line":66,"column":76}},"40":{"start":{"line":66,"column":19},"end":{"line":66,"column":76}},"41":{"start":{"line":67,"column":8},"end":{"line":67,"column":78}},"42":{"start":{"line":67,"column":20},"end":{"line":67,"column":78}},"43":{"start":{"line":68,"column":8},"end":{"line":68,"column":80}},"44":{"start":{"line":68,"column":21},"end":{"line":68,"column":80}},"45":{"start":{"line":69,"column":8},"end":{"line":69,"column":24}},"46":{"start":{"line":71,"column":8},"end":{"line":95,"column":11}},"47":{"start":{"line":72,"column":12},"end":{"line":72,"column":43}},"48":{"start":{"line":73,"column":12},"end":{"line":73,"column":54}},"49":{"start":{"line":74,"column":12},"end":{"line":76,"column":13}},"50":{"start":{"line":75,"column":16},"end":{"line":75,"column":57}},"51":{"start":{"line":77,"column":12},"end":{"line":94,"column":13}},"52":{"start":{"line":78,"column":16},"end":{"line":78,"column":55}},"53":{"start":{"line":79,"column":16},"end":{"line":84,"column":19}},"54":{"start":{"line":80,"column":20},"end":{"line":83,"column":23}},"55":{"start":{"line":81,"column":24},"end":{"line":81,"column":63}},"56":{"start":{"line":82,"column":24},"end":{"line":82,"column":79}},"57":{"start":{"line":87,"column":16},"end":{"line":87,"column":55}},"58":{"start":{"line":88,"column":16},"end":{"line":93,"column":19}},"59":{"start":{"line":89,"column":20},"end":{"line":92,"column":23}},"60":{"start":{"line":90,"column":24},"end":{"line":90,"column":64}},"61":{"start":{"line":91,"column":24},"end":{"line":91,"column":78}},"62":{"start":{"line":99,"column":8},"end":{"line":99,"column":78}},"63":{"start":{"line":99,"column":20},"end":{"line":99,"column":78}},"64":{"start":{"line":100,"column":8},"end":{"line":100,"column":76}},"65":{"start":{"line":100,"column":19},"end":{"line":100,"column":76}},"66":{"start":{"line":101,"column":8},"end":{"line":101,"column":78}},"67":{"start":{"line":101,"column":20},"end":{"line":101,"column":78}},"68":{"start":{"line":102,"column":8},"end":{"line":102,"column":80}},"69":{"start":{"line":102,"column":21},"end":{"line":102,"column":80}},"70":{"start":{"line":103,"column":8},"end":{"line":103,"column":24}},"71":{"start":{"line":105,"column":8},"end":{"line":127,"column":11}},"72":{"start":{"line":106,"column":12},"end":{"line":106,"column":43}},"73":{"start":{"line":107,"column":12},"end":{"line":107,"column":54}},"74":{"start":{"line":109,"column":12},"end":{"line":109,"column":62}},"75":{"start":{"line":110,"column":12},"end":{"line":110,"column":74}},"76":{"start":{"line":111,"column":12},"end":{"line":113,"column":13}},"77":{"start":{"line":112,"column":16},"end":{"line":112,"column":29}},"78":{"start":{"line":115,"column":12},"end":{"line":126,"column":13}},"79":{"start":{"line":116,"column":16},"end":{"line":116,"column":54}},"80":{"start":{"line":117,"column":16},"end":{"line":117,"column":59}},"81":{"start":{"line":118,"column":16},"end":{"line":118,"column":76}},"82":{"start":{"line":121,"column":16},"end":{"line":121,"column":60}},"83":{"start":{"line":122,"column":16},"end":{"line":122,"column":59}},"84":{"start":{"line":124,"column":16},"end":{"line":124,"column":71}},"85":{"start":{"line":125,"column":16},"end":{"line":125,"column":76}},"86":{"start":{"line":131,"column":8},"end":{"line":131,"column":78}},"87":{"start":{"line":131,"column":20},"end":{"line":131,"column":78}},"88":{"start":{"line":132,"column":8},"end":{"line":132,"column":76}},"89":{"start":{"line":132,"column":19},"end":{"line":132,"column":76}},"90":{"start":{"line":133,"column":8},"end":{"line":133,"column":78}},"91":{"start":{"line":133,"column":20},"end":{"line":133,"column":78}},"92":{"start":{"line":134,"column":8},"end":{"line":134,"column":80}},"93":{"start":{"line":134,"column":21},"end":{"line":134,"column":80}},"94":{"start":{"line":135,"column":8},"end":{"line":135,"column":24}},"95":{"start":{"line":137,"column":8},"end":{"line":168,"column":11}},"96":{"start":{"line":138,"column":12},"end":{"line":167,"column":15}},"97":{"start":{"line":140,"column":16},"end":{"line":166,"column":19}},"98":{"start":{"line":142,"column":20},"end":{"line":142,"column":57}},"99":{"start":{"line":143,"column":20},"end":{"line":143,"column":64}},"100":{"start":{"line":144,"column":20},"end":{"line":144,"column":51}},"101":{"start":{"line":145,"column":20},"end":{"line":145,"column":71}},"102":{"start":{"line":146,"column":20},"end":{"line":146,"column":72}},"103":{"start":{"line":148,"column":20},"end":{"line":165,"column":23}},"104":{"start":{"line":149,"column":24},"end":{"line":153,"column":27}},"105":{"start":{"line":150,"column":28},"end":{"line":152,"column":31}},"106":{"start":{"line":151,"column":32},"end":{"line":151,"column":69}},"107":{"start":{"line":156,"column":24},"end":{"line":164,"column":27}},"108":{"start":{"line":158,"column":28},"end":{"line":163,"column":31}},"109":{"start":{"line":159,"column":32},"end":{"line":159,"column":67}},"110":{"start":{"line":160,"column":32},"end":{"line":160,"column":69}},"111":{"start":{"line":162,"column":32},"end":{"line":162,"column":76}},"112":{"start":{"line":173,"column":8},"end":{"line":173,"column":78}},"113":{"start":{"line":173,"column":20},"end":{"line":173,"column":78}},"114":{"start":{"line":174,"column":8},"end":{"line":174,"column":78}},"115":{"start":{"line":174,"column":20},"end":{"line":174,"column":78}},"116":{"start":{"line":175,"column":8},"end":{"line":175,"column":80}},"117":{"start":{"line":175,"column":21},"end":{"line":175,"column":80}},"118":{"start":{"line":176,"column":8},"end":{"line":176,"column":24}},"119":{"start":{"line":178,"column":8},"end":{"line":181,"column":11}},"120":{"start":{"line":179,"column":12},"end":{"line":180,"column":71}},"121":{"start":{"line":179,"column":60},"end":{"line":179,"column":121}},"122":{"start":{"line":180,"column":17},"end":{"line":180,"column":71}},"123":{"start":{"line":185,"column":8},"end":{"line":185,"column":64}},"124":{"start":{"line":189,"column":8},"end":{"line":189,"column":78}},"125":{"start":{"line":189,"column":20},"end":{"line":189,"column":78}},"126":{"start":{"line":191,"column":8},"end":{"line":191,"column":45}},"127":{"start":{"line":195,"column":8},"end":{"line":195,"column":78}},"128":{"start":{"line":195,"column":20},"end":{"line":195,"column":78}},"129":{"start":{"line":197,"column":8},"end":{"line":197,"column":49}},"130":{"start":{"line":201,"column":8},"end":{"line":201,"column":78}},"131":{"start":{"line":201,"column":20},"end":{"line":201,"column":78}},"132":{"start":{"line":203,"column":8},"end":{"line":203,"column":43}},"133":{"start":{"line":207,"column":8},"end":{"line":207,"column":78}},"134":{"start":{"line":207,"column":20},"end":{"line":207,"column":78}},"135":{"start":{"line":209,"column":8},"end":{"line":209,"column":46}},"136":{"start":{"line":213,"column":8},"end":{"line":213,"column":78}},"137":{"start":{"line":213,"column":20},"end":{"line":213,"column":78}},"138":{"start":{"line":215,"column":8},"end":{"line":215,"column":44}},"139":{"start":{"line":219,"column":8},"end":{"line":219,"column":78}},"140":{"start":{"line":219,"column":20},"end":{"line":219,"column":78}},"141":{"start":{"line":221,"column":8},"end":{"line":221,"column":82}},"142":{"start":{"line":225,"column":8},"end":{"line":225,"column":78}},"143":{"start":{"line":225,"column":20},"end":{"line":225,"column":78}},"144":{"start":{"line":227,"column":8},"end":{"line":248,"column":11}},"145":{"start":{"line":228,"column":12},"end":{"line":228,"column":28}},"146":{"start":{"line":229,"column":12},"end":{"line":229,"column":38}},"147":{"start":{"line":230,"column":12},"end":{"line":230,"column":35}},"148":{"start":{"line":231,"column":12},"end":{"line":231,"column":31}},"149":{"start":{"line":232,"column":12},"end":{"line":232,"column":26}},"150":{"start":{"line":233,"column":12},"end":{"line":233,"column":34}},"151":{"start":{"line":235,"column":12},"end":{"line":243,"column":13}},"152":{"start":{"line":236,"column":16},"end":{"line":236,"column":28}},"153":{"start":{"line":237,"column":16},"end":{"line":237,"column":30}},"154":{"start":{"line":238,"column":16},"end":{"line":238,"column":30}},"155":{"start":{"line":240,"column":16},"end":{"line":240,"column":54}},"156":{"start":{"line":241,"column":16},"end":{"line":242,"column":28}},"157":{"start":{"line":242,"column":20},"end":{"line":242,"column":28}},"158":{"start":{"line":245,"column":12},"end":{"line":245,"column":46}},"159":{"start":{"line":247,"column":12},"end":{"line":247,"column":41}},"160":{"start":{"line":252,"column":0},"end":{"line":252,"column":33}}},"branchMap":{"1":{"line":26,"type":"if","locations":[{"start":{"line":26,"column":8},"end":{"line":26,"column":8}},{"start":{"line":26,"column":8},"end":{"line":26,"column":8}}]},"2":{"line":32,"type":"if","locations":[{"start":{"line":32,"column":8},"end":{"line":32,"column":8}},{"start":{"line":32,"column":8},"end":{"line":32,"column":8}}]},"3":{"line":38,"type":"if","locations":[{"start":{"line":38,"column":8},"end":{"line":38,"column":8}},{"start":{"line":38,"column":8},"end":{"line":38,"column":8}}]},"4":{"line":47,"type":"if","locations":[{"start":{"line":47,"column":8},"end":{"line":47,"column":8}},{"start":{"line":47,"column":8},"end":{"line":47,"column":8}}]},"5":{"line":48,"type":"if","locations":[{"start":{"line":48,"column":8},"end":{"line":48,"column":8}},{"start":{"line":48,"column":8},"end":{"line":48,"column":8}}]},"6":{"line":49,"type":"if","locations":[{"start":{"line":49,"column":8},"end":{"line":49,"column":8}},{"start":{"line":49,"column":8},"end":{"line":49,"column":8}}]},"7":{"line":55,"type":"if","locations":[{"start":{"line":55,"column":8},"end":{"line":55,"column":8}},{"start":{"line":55,"column":8},"end":{"line":55,"column":8}}]},"8":{"line":56,"type":"if","locations":[{"start":{"line":56,"column":8},"end":{"line":56,"column":8}},{"start":{"line":56,"column":8},"end":{"line":56,"column":8}}]},"9":{"line":57,"type":"if","locations":[{"start":{"line":57,"column":8},"end":{"line":57,"column":8}},{"start":{"line":57,"column":8},"end":{"line":57,"column":8}}]},"10":{"line":58,"type":"if","locations":[{"start":{"line":58,"column":8},"end":{"line":58,"column":8}},{"start":{"line":58,"column":8},"end":{"line":58,"column":8}}]},"11":{"line":59,"type":"if","locations":[{"start":{"line":59,"column":8},"end":{"line":59,"column":8}},{"start":{"line":59,"column":8},"end":{"line":59,"column":8}}]},"12":{"line":65,"type":"if","locations":[{"start":{"line":65,"column":8},"end":{"line":65,"column":8}},{"start":{"line":65,"column":8},"end":{"line":65,"column":8}}]},"13":{"line":66,"type":"if","locations":[{"start":{"line":66,"column":8},"end":{"line":66,"column":8}},{"start":{"line":66,"column":8},"end":{"line":66,"column":8}}]},"14":{"line":67,"type":"if","locations":[{"start":{"line":67,"column":8},"end":{"line":67,"column":8}},{"start":{"line":67,"column":8},"end":{"line":67,"column":8}}]},"15":{"line":68,"type":"if","locations":[{"start":{"line":68,"column":8},"end":{"line":68,"column":8}},{"start":{"line":68,"column":8},"end":{"line":68,"column":8}}]},"16":{"line":74,"type":"if","locations":[{"start":{"line":74,"column":12},"end":{"line":74,"column":12}},{"start":{"line":74,"column":12},"end":{"line":74,"column":12}}]},"17":{"line":77,"type":"if","locations":[{"start":{"line":77,"column":12},"end":{"line":77,"column":12}},{"start":{"line":77,"column":12},"end":{"line":77,"column":12}}]},"18":{"line":99,"type":"if","locations":[{"start":{"line":99,"column":8},"end":{"line":99,"column":8}},{"start":{"line":99,"column":8},"end":{"line":99,"column":8}}]},"19":{"line":100,"type":"if","locations":[{"start":{"line":100,"column":8},"end":{"line":100,"column":8}},{"start":{"line":100,"column":8},"end":{"line":100,"column":8}}]},"20":{"line":101,"type":"if","locations":[{"start":{"line":101,"column":8},"end":{"line":101,"column":8}},{"start":{"line":101,"column":8},"end":{"line":101,"column":8}}]},"21":{"line":102,"type":"if","locations":[{"start":{"line":102,"column":8},"end":{"line":102,"column":8}},{"start":{"line":102,"column":8},"end":{"line":102,"column":8}}]},"22":{"line":111,"type":"if","locations":[{"start":{"line":111,"column":12},"end":{"line":111,"column":12}},{"start":{"line":111,"column":12},"end":{"line":111,"column":12}}]},"23":{"line":115,"type":"if","locations":[{"start":{"line":115,"column":12},"end":{"line":115,"column":12}},{"start":{"line":115,"column":12},"end":{"line":115,"column":12}}]},"24":{"line":131,"type":"if","locations":[{"start":{"line":131,"column":8},"end":{"line":131,"column":8}},{"start":{"line":131,"column":8},"end":{"line":131,"column":8}}]},"25":{"line":132,"type":"if","locations":[{"start":{"line":132,"column":8},"end":{"line":132,"column":8}},{"start":{"line":132,"column":8},"end":{"line":132,"column":8}}]},"26":{"line":133,"type":"if","locations":[{"start":{"line":133,"column":8},"end":{"line":133,"column":8}},{"start":{"line":133,"column":8},"end":{"line":133,"column":8}}]},"27":{"line":134,"type":"if","locations":[{"start":{"line":134,"column":8},"end":{"line":134,"column":8}},{"start":{"line":134,"column":8},"end":{"line":134,"column":8}}]},"28":{"line":173,"type":"if","locations":[{"start":{"line":173,"column":8},"end":{"line":173,"column":8}},{"start":{"line":173,"column":8},"end":{"line":173,"column":8}}]},"29":{"line":174,"type":"if","locations":[{"start":{"line":174,"column":8},"end":{"line":174,"column":8}},{"start":{"line":174,"column":8},"end":{"line":174,"column":8}}]},"30":{"line":175,"type":"if","locations":[{"start":{"line":175,"column":8},"end":{"line":175,"column":8}},{"start":{"line":175,"column":8},"end":{"line":175,"column":8}}]},"31":{"line":179,"type":"if","locations":[{"start":{"line":179,"column":12},"end":{"line":179,"column":12}},{"start":{"line":179,"column":12},"end":{"line":179,"column":12}}]},"32":{"line":179,"type":"binary-expr","locations":[{"start":{"line":179,"column":16},"end":{"line":179,"column":36}},{"start":{"line":179,"column":40},"end":{"line":179,"column":58}}]},"33":{"line":189,"type":"if","locations":[{"start":{"line":189,"column":8},"end":{"line":189,"column":8}},{"start":{"line":189,"column":8},"end":{"line":189,"column":8}}]},"34":{"line":195,"type":"if","locations":[{"start":{"line":195,"column":8},"end":{"line":195,"column":8}},{"start":{"line":195,"column":8},"end":{"line":195,"column":8}}]},"35":{"line":201,"type":"if","locations":[{"start":{"line":201,"column":8},"end":{"line":201,"column":8}},{"start":{"line":201,"column":8},"end":{"line":201,"column":8}}]},"36":{"line":207,"type":"if","locations":[{"start":{"line":207,"column":8},"end":{"line":207,"column":8}},{"start":{"line":207,"column":8},"end":{"line":207,"column":8}}]},"37":{"line":213,"type":"if","locations":[{"start":{"line":213,"column":8},"end":{"line":213,"column":8}},{"start":{"line":213,"column":8},"end":{"line":213,"column":8}}]},"38":{"line":219,"type":"if","locations":[{"start":{"line":219,"column":8},"end":{"line":219,"column":8}},{"start":{"line":219,"column":8},"end":{"line":219,"column":8}}]},"39":{"line":225,"type":"if","locations":[{"start":{"line":225,"column":8},"end":{"line":225,"column":8}},{"start":{"line":225,"column":8},"end":{"line":225,"column":8}}]},"40":{"line":241,"type":"if","locations":[{"start":{"line":241,"column":16},"end":{"line":241,"column":16}},{"start":{"line":241,"column":16},"end":{"line":241,"column":16}}]}}}}