TN:
SF:C:\Dev\qwebs\qwebs\lib\dataerror.js
FN:10,(anonymous_1)
FNF:1
FNH:1
FNDA:9,(anonymous_1)
DA:11,9
DA:12,9
DA:14,9
DA:16,9
DA:17,1
DA:18,1
DA:21,9
DA:22,4
DA:23,3
DA:25,9
DA:26,9
DA:27,9
DA:31,1
LF:13
LH:13
BRDA:11,1,0,9
BRDA:11,1,1,5
BRDA:12,2,0,9
BRDA:12,2,1,0
BRDA:16,3,0,1
BRDA:16,3,1,8
BRDA:21,4,0,5
BRDA:21,4,1,4
BRDA:22,5,0,1
BRDA:22,5,1,3
BRDA:25,6,0,9
BRDA:25,6,1,8
BRDA:26,7,0,9
BRDA:26,7,1,8
BRDA:27,8,0,9
BRDA:27,8,1,8
BRF:16
BRH:15
end_of_record
TN:
SF:C:\Dev\qwebs\qwebs\lib\injector.js
FN:13,(anonymous_1)
FN:18,(anonymous_2)
FN:25,(anonymous_3)
FN:31,(anonymous_4)
FN:40,(anonymous_5)
FN:56,(anonymous_6)
FN:80,(anonymous_7)
FN:116,(anonymous_8)
FNF:8
FNH:8
FNDA:14,(anonymous_1)
FNDA:95,(anonymous_2)
FNDA:1,(anonymous_3)
FNDA:2,(anonymous_4)
FNDA:65,(anonymous_5)
FNDA:95,(anonymous_6)
FNDA:21,(anonymous_7)
FNDA:21,(anonymous_8)
DA:9,1
DA:10,1
DA:14,14
DA:15,14
DA:19,95
DA:20,95
DA:22,95
DA:26,1
DA:27,1
DA:28,1
DA:29,2
DA:31,1
DA:32,2
DA:34,1
DA:35,2
DA:36,2
DA:41,65
DA:42,65
DA:44,65
DA:46,65
DA:47,19
DA:48,19
DA:50,65
DA:51,65
DA:57,95
DA:58,95
DA:59,95
DA:61,95
DA:62,95
DA:63,95
DA:64,95
DA:65,95
DA:66,95
DA:68,95
DA:69,32
DA:70,32
DA:72,63
DA:73,0
DA:76,63
DA:81,21
DA:83,20
DA:84,20
DA:86,20
DA:87,12
DA:88,12
DA:91,0
DA:95,8
DA:96,8
DA:97,8
DA:98,8
DA:99,8
DA:101,8
DA:102,8
DA:105,0
DA:109,20
DA:111,20
DA:112,20
DA:113,0
DA:117,21
DA:118,20
DA:120,20
DA:121,0
DA:122,0
DA:125,20
DA:127,20
DA:128,20
DA:131,20
DA:133,20
DA:134,20
DA:135,20
DA:140,0
DA:143,20
DA:145,20
DA:146,20
DA:147,20
DA:149,12
DA:151,12
DA:152,12
DA:155,20
DA:156,20
DA:157,20
DA:162,1
LF:82
LH:75
BRDA:19,1,0,0
BRDA:19,1,1,95
BRDA:20,2,0,0
BRDA:20,2,1,95
BRDA:26,3,0,0
BRDA:26,3,1,1
BRDA:41,4,0,0
BRDA:41,4,1,65
BRDA:44,5,0,0
BRDA:44,5,1,65
BRDA:46,6,0,19
BRDA:46,6,1,46
BRDA:50,7,0,0
BRDA:50,7,1,65
BRDA:57,8,0,0
BRDA:57,8,1,95
BRDA:58,9,0,0
BRDA:58,9,1,95
BRDA:59,10,0,0
BRDA:59,10,1,95
BRDA:63,11,0,95
BRDA:63,11,1,41
BRDA:68,12,0,32
BRDA:68,12,1,63
BRDA:69,13,0,0
BRDA:69,13,1,32
BRDA:72,14,0,0
BRDA:72,14,1,63
BRDA:81,15,0,1
BRDA:81,15,1,20
BRDA:83,16,0,0
BRDA:83,16,1,20
BRDA:86,17,0,12
BRDA:86,17,1,8
BRDA:97,18,0,8
BRDA:97,18,1,0
BRDA:109,19,0,0
BRDA:109,19,1,20
BRDA:111,20,0,0
BRDA:111,20,1,20
BRDA:112,21,0,20
BRDA:112,21,1,0
BRDA:117,22,0,1
BRDA:117,22,1,20
BRDA:118,23,0,0
BRDA:118,23,1,20
BRDA:120,24,0,0
BRDA:120,24,1,20
BRDA:125,25,0,20
BRDA:125,25,1,20
BRDA:131,26,0,0
BRDA:131,26,1,20
BRDA:147,27,0,8
BRDA:147,27,1,12
BRDA:147,28,0,20
BRDA:147,28,1,12
BRDA:157,29,0,0
BRDA:157,29,1,20
BRF:58
BRH:38
end_of_record
TN:
SF:C:\Dev\qwebs\qwebs\lib\qwebs.js
FN:14,(anonymous_1)
FN:47,(anonymous_2)
FN:65,(anonymous_3)
FN:69,(anonymous_4)
FN:73,(anonymous_5)
FN:79,(anonymous_6)
FN:85,(anonymous_7)
FN:91,(anonymous_8)
FN:97,(anonymous_9)
FNF:9
FNH:4
FNDA:6,(anonymous_1)
FNDA:0,(anonymous_2)
FNDA:73,(anonymous_3)
FNDA:23,(anonymous_4)
FNDA:1,(anonymous_5)
FNDA:0,(anonymous_6)
FNDA:0,(anonymous_7)
FNDA:0,(anonymous_8)
FNDA:0,(anonymous_9)
DA:9,1
DA:10,1
DA:11,1
DA:15,6
DA:17,6
DA:18,6
DA:19,6
DA:21,6
DA:23,6
DA:24,6
DA:26,6
DA:27,6
DA:29,6
DA:30,6
DA:32,6
DA:33,6
DA:34,6
DA:36,6
DA:38,6
DA:39,6
DA:41,6
DA:42,6
DA:44,6
DA:48,0
DA:49,0
DA:50,0
DA:52,0
DA:53,0
DA:54,0
DA:55,0
DA:56,0
DA:57,0
DA:58,0
DA:59,0
DA:66,73
DA:70,23
DA:74,1
DA:75,1
DA:76,1
DA:80,0
DA:81,0
DA:82,0
DA:86,0
DA:87,0
DA:88,0
DA:92,0
DA:93,0
DA:94,0
DA:98,0
DA:102,1
LF:50
LH:29
BRDA:15,1,0,6
BRDA:15,1,1,0
BRDA:18,2,0,6
BRDA:18,2,1,0
BRF:4
BRH:2
end_of_record
TN:
SF:C:\Dev\qwebs\qwebs\lib\loaders\assets.js
FN:17,(anonymous_1)
FN:26,(anonymous_2)
FN:29,(anonymous_3)
FN:35,(anonymous_4)
FN:46,(anonymous_5)
FN:48,(anonymous_6)
FNF:6
FNH:5
FNDA:1,(anonymous_1)
FNDA:1,(anonymous_2)
FNDA:1,(anonymous_3)
FNDA:1,(anonymous_4)
FNDA:1,(anonymous_5)
FNDA:0,(anonymous_6)
DA:9,1
DA:10,1
DA:11,1
DA:12,1
DA:13,1
DA:14,1
DA:18,1
DA:19,1
DA:20,1
DA:21,1
DA:22,1
DA:23,1
DA:27,1
DA:29,1
DA:31,1
DA:33,1
DA:35,1
DA:36,1
DA:38,1
DA:39,1
DA:40,2
DA:41,2
DA:42,2
DA:43,2
DA:45,1
DA:47,1
DA:49,0
DA:50,0
DA:56,1
LF:29
LH:27
BRDA:18,1,0,0
BRDA:18,1,1,1
BRDA:19,2,0,0
BRDA:19,2,1,1
BRDA:20,3,0,0
BRDA:20,3,1,1
BRDA:31,4,0,0
BRDA:31,4,1,1
BRDA:31,5,0,1
BRDA:31,5,1,1
BRDA:49,6,0,0
BRDA:49,6,1,0
BRF:12
BRH:6
end_of_record
TN:
SF:C:\Dev\qwebs\qwebs\lib\utils\walk.js
FN:12,(anonymous_1)
FN:15,(anonymous_2)
FN:17,(anonymous_3)
FN:23,(anonymous_4)
FNF:4
FNH:3
FNDA:1,(anonymous_1)
FNDA:2,(anonymous_2)
FNDA:0,(anonymous_3)
FNDA:5,(anonymous_4)
DA:9,1
DA:16,2
DA:17,2
DA:18,0
DA:20,2
DA:24,5
DA:25,0
DA:26,0
DA:29,5
DA:30,5
DA:32,5
DA:33,5
DA:34,11
DA:35,11
DA:36,11
DA:38,8
DA:41,5
DA:44,1
LF:18
LH:15
BRDA:16,1,0,2
BRDA:16,1,1,2
BRDA:24,2,0,0
BRDA:24,2,1,5
BRDA:36,3,0,3
BRDA:36,3,1,8
BRDA:36,4,0,11
BRDA:36,4,1,11
BRDA:38,5,0,8
BRDA:38,5,1,0
BRF:10
BRH:8
end_of_record
TN:
SF:C:\Dev\qwebs\qwebs\lib\routes\asset.js
FN:21,(anonymous_1)
FN:33,(anonymous_2)
FN:36,(anonymous_3)
FN:53,(anonymous_4)
FN:58,(anonymous_5)
FN:60,(anonymous_6)
FN:62,(anonymous_7)
FN:66,(anonymous_8)
FN:68,(anonymous_9)
FN:70,(anonymous_10)
FN:74,(anonymous_11)
FN:79,(anonymous_12)
FN:80,(anonymous_13)
FN:83,(anonymous_14)
FN:93,(anonymous_15)
FN:96,(anonymous_16)
FN:97,(anonymous_17)
FN:102,(anonymous_18)
FN:107,(anonymous_19)
FN:111,(anonymous_20)
FN:118,(anonymous_21)
FN:121,(anonymous_22)
FN:137,(anonymous_23)
FN:140,(anonymous_24)
FN:151,(anonymous_25)
FN:154,(anonymous_26)
FNF:26
FNH:21
FNDA:6,(anonymous_1)
FNDA:3,(anonymous_2)
FNDA:3,(anonymous_3)
FNDA:3,(anonymous_4)
FNDA:3,(anonymous_5)
FNDA:3,(anonymous_6)
FNDA:0,(anonymous_7)
FNDA:3,(anonymous_8)
FNDA:3,(anonymous_9)
FNDA:0,(anonymous_10)
FNDA:3,(anonymous_11)
FNDA:4,(anonymous_12)
FNDA:4,(anonymous_13)
FNDA:6,(anonymous_14)
FNDA:1,(anonymous_15)
FNDA:1,(anonymous_16)
FNDA:1,(anonymous_17)
FNDA:0,(anonymous_18)
FNDA:1,(anonymous_19)
FNDA:1,(anonymous_20)
FNDA:0,(anonymous_21)
FNDA:0,(anonymous_22)
FNDA:1,(anonymous_23)
FNDA:1,(anonymous_24)
FNDA:1,(anonymous_25)
FNDA:1,(anonymous_26)
DA:9,1
DA:10,1
DA:11,1
DA:12,1
DA:13,1
DA:14,1
DA:15,1
DA:16,1
DA:17,1
DA:18,1
DA:22,6
DA:23,6
DA:24,6
DA:25,6
DA:26,6
DA:27,6
DA:28,6
DA:30,6
DA:34,3
DA:36,3
DA:38,3
DA:39,3
DA:41,3
DA:43,4
DA:44,4
DA:47,3
DA:48,2
DA:49,2
DA:50,1
DA:51,1
DA:55,3
DA:56,3
DA:60,3
DA:61,3
DA:63,0
DA:68,3
DA:69,3
DA:71,0
DA:75,3
DA:80,4
DA:81,4
DA:83,4
DA:85,6
DA:86,6
DA:87,4
DA:88,4
DA:94,1
DA:96,1
DA:97,1
DA:98,1
DA:99,1
DA:101,0
DA:102,0
DA:103,0
DA:104,0
DA:106,0
DA:108,1
DA:109,1
DA:110,1
DA:112,1
DA:113,1
DA:119,0
DA:121,0
DA:122,0
DA:124,0
DA:125,0
DA:126,0
DA:127,0
DA:128,0
DA:129,0
DA:130,0
DA:131,0
DA:132,0
DA:133,0
DA:138,1
DA:140,1
DA:141,1
DA:142,1
DA:147,1
DA:152,1
DA:154,1
DA:155,1
DA:156,1
DA:157,1
DA:159,1
DA:161,0
DA:162,0
DA:163,0
DA:170,0
DA:179,0
DA:190,1
LF:91
LH:66
BRDA:30,1,0,1
BRDA:30,1,1,5
BRDA:44,2,0,0
BRDA:44,2,1,4
BRDA:47,3,0,1
BRDA:47,3,1,2
BRDA:48,4,0,0
BRDA:48,4,1,2
BRDA:49,5,0,1
BRDA:49,5,1,1
BRDA:50,6,0,0
BRDA:50,6,1,1
BRDA:55,7,0,0
BRDA:55,7,1,3
BRDA:81,8,0,4
BRDA:81,8,1,1
BRDA:86,9,0,2
BRDA:86,9,1,4
BRDA:86,10,0,6
BRDA:86,10,1,5
BRDA:88,11,0,1
BRDA:88,11,1,3
BRDA:98,12,0,0
BRDA:98,12,1,1
BRDA:98,13,0,1
BRDA:98,13,1,0
BRDA:99,14,0,1
BRDA:99,14,1,0
BRDA:103,15,0,0
BRDA:103,15,1,0
BRDA:108,16,0,1
BRDA:108,16,1,0
BRDA:112,17,0,0
BRDA:112,17,1,1
BRDA:122,18,0,0
BRDA:122,18,1,0
BRDA:141,19,0,0
BRDA:141,19,1,1
BRDA:155,20,0,0
BRDA:155,20,1,1
BRDA:156,21,0,0
BRDA:156,21,1,1
BRDA:157,22,0,0
BRDA:157,22,1,1
BRDA:159,23,0,1
BRDA:159,23,1,0
BRDA:162,24,0,0
BRDA:162,24,1,0
BRF:48
BRH:28
end_of_record
TN:
SF:C:\Dev\qwebs\qwebs\lib\utils\contentType.js
FN:12,(anonymous_1)
FN:15,(anonymous_2)
FNF:2
FNH:2
FNDA:1,(anonymous_1)
FNDA:17,(anonymous_2)
DA:9,1
DA:16,17
DA:17,1
DA:18,1
DA:19,1
DA:20,1
DA:21,2
DA:22,1
DA:23,2
DA:24,2
DA:25,1
DA:26,1
DA:27,1
DA:28,1
DA:29,1
DA:30,1
DA:35,1
LF:17
LH:17
BRDA:16,1,0,1
BRDA:16,1,1,1
BRDA:16,1,2,1
BRDA:16,1,3,1
BRDA:16,1,4,2
BRDA:16,1,5,1
BRDA:16,1,6,2
BRDA:16,1,7,2
BRDA:16,1,8,1
BRDA:16,1,9,1
BRDA:16,1,10,1
BRDA:16,1,11,1
BRDA:16,1,12,1
BRDA:16,1,13,1
BRF:14
BRH:14
end_of_record
TN:
SF:C:\Dev\qwebs\qwebs\lib\loaders\bundle.js
FN:16,(anonymous_1)
FN:25,(anonymous_2)
FN:28,(anonymous_3)
FN:36,(anonymous_4)
FN:52,(anonymous_5)
FN:62,(anonymous_6)
FNF:6
FNH:6
FNDA:1,(anonymous_1)
FNDA:1,(anonymous_2)
FNDA:1,(anonymous_3)
FNDA:1,(anonymous_4)
FNDA:1,(anonymous_5)
FNDA:1,(anonymous_6)
DA:9,1
DA:10,1
DA:11,1
DA:12,1
DA:13,1
DA:17,1
DA:18,1
DA:19,1
DA:20,1
DA:21,1
DA:22,1
DA:26,1
DA:28,1
DA:29,1
DA:30,1
DA:32,1
DA:34,1
DA:35,1
DA:36,1
DA:37,1
DA:38,1
DA:41,0
DA:46,0
DA:49,0
DA:50,0
DA:53,1
DA:54,1
DA:55,1
DA:56,1
DA:57,1
DA:60,1
DA:63,1
DA:69,1
LF:33
LH:29
BRDA:17,1,0,0
BRDA:17,1,1,1
BRDA:18,2,0,0
BRDA:18,2,1,1
BRDA:19,3,0,0
BRDA:19,3,1,1
BRDA:30,4,0,0
BRDA:30,4,1,1
BRDA:30,5,0,1
BRDA:30,5,1,1
BRDA:32,6,0,1
BRDA:32,6,1,0
BRDA:49,7,0,0
BRDA:49,7,1,0
BRF:14
BRH:7
end_of_record
TN:
SF:C:\Dev\qwebs\qwebs\lib\loaders\config.js
FN:15,(anonymous_1)
FN:20,(anonymous_2)
FNF:2
FNH:2
FNDA:8,(anonymous_1)
FNDA:8,(anonymous_2)
DA:9,1
DA:10,1
DA:11,1
DA:12,1
DA:16,8
DA:17,8
DA:21,8
DA:23,8
DA:24,8
DA:26,1
DA:27,1
DA:28,1
DA:29,1
DA:30,1
DA:31,1
DA:34,0
DA:38,0
DA:41,7
DA:42,0
DA:44,8
DA:45,8
DA:47,8
DA:51,1
LF:23
LH:20
BRDA:16,1,0,0
BRDA:16,1,1,8
BRDA:21,2,0,8
BRDA:21,2,1,0
BRDA:24,3,0,1
BRDA:24,3,1,7
BRDA:29,4,0,0
BRDA:29,4,1,1
BRDA:41,5,0,7
BRDA:41,5,1,0
BRDA:44,6,0,8
BRDA:44,6,1,0
BRDA:45,7,0,8
BRDA:45,7,1,0
BRF:14
BRH:8
end_of_record
TN:
SF:C:\Dev\qwebs\qwebs\lib\loaders\routes.js
FN:15,(anonymous_1)
FN:22,(anonymous_2)
FN:25,(anonymous_3)
FN:34,(anonymous_4)
FN:50,(anonymous_5)
FN:54,(anonymous_6)
FN:60,(anonymous_7)
FN:64,(anonymous_8)
FNF:8
FNH:8
FNDA:1,(anonymous_1)
FNDA:1,(anonymous_2)
FNDA:1,(anonymous_3)
FNDA:1,(anonymous_4)
FNDA:1,(anonymous_5)
FNDA:1,(anonymous_6)
FNDA:1,(anonymous_7)
FNDA:1,(anonymous_8)
DA:9,1
DA:10,1
DA:11,1
DA:12,1
DA:16,1
DA:17,1
DA:18,1
DA:19,1
DA:23,1
DA:25,1
DA:27,1
DA:28,1
DA:30,1
DA:32,1
DA:33,1
DA:34,1
DA:35,1
DA:36,1
DA:39,0
DA:44,0
DA:47,0
DA:48,0
DA:52,1
DA:54,1
DA:55,1
DA:58,1
DA:62,1
DA:64,1
DA:65,1
DA:66,0
DA:67,0
DA:68,0
DA:69,0
DA:72,1
DA:77,1
LF:35
LH:27
BRDA:16,1,0,0
BRDA:16,1,1,1
BRDA:17,2,0,0
BRDA:17,2,1,1
BRDA:28,3,0,0
BRDA:28,3,1,1
BRDA:30,4,0,1
BRDA:30,4,1,0
BRDA:47,5,0,0
BRDA:47,5,1,0
BRDA:52,6,0,1
BRDA:52,6,1,0
BRDA:62,7,0,1
BRDA:62,7,1,0
BRDA:65,8,0,1
BRDA:65,8,1,0
BRDA:66,9,0,0
BRDA:66,9,1,0
BRDA:67,10,0,0
BRDA:67,10,1,0
BRDA:68,11,0,0
BRDA:68,11,1,0
BRF:22
BRH:7
end_of_record
TN:
SF:C:\Dev\qwebs\qwebs\lib\router.js
FN:21,(anonymous_1)
FN:30,(anonymous_2)
FN:37,(anonymous_3)
FN:43,(anonymous_4)
FN:49,(anonymous_5)
FN:55,(anonymous_6)
FN:61,(anonymous_7)
FN:66,(anonymous_8)
FN:76,(anonymous_9)
FN:94,(anonymous_10)
FN:97,(anonymous_11)
FNF:11
FNH:6
FNDA:12,(anonymous_1)
FNDA:0,(anonymous_2)
FNDA:11,(anonymous_3)
FNDA:0,(anonymous_4)
FNDA:0,(anonymous_5)
FNDA:0,(anonymous_6)
FNDA:0,(anonymous_7)
FNDA:2,(anonymous_8)
FNDA:7,(anonymous_9)
FNDA:7,(anonymous_10)
FNDA:7,(anonymous_11)
DA:9,1
DA:10,1
DA:11,1
DA:12,1
DA:13,1
DA:14,1
DA:15,1
DA:16,1
DA:17,1
DA:18,1
DA:22,12
DA:23,12
DA:24,12
DA:25,12
DA:26,12
DA:27,12
DA:31,0
DA:32,0
DA:33,0
DA:34,0
DA:38,11
DA:39,11
DA:40,11
DA:44,0
DA:45,0
DA:46,0
DA:50,0
DA:51,0
DA:52,0
DA:56,0
DA:57,0
DA:58,0
DA:62,0
DA:63,0
DA:67,2
DA:68,2
DA:69,3
DA:70,3
DA:71,3
DA:73,2
DA:77,7
DA:78,7
DA:80,7
DA:81,7
DA:82,7
DA:84,0
DA:86,0
DA:88,0
DA:90,0
DA:95,7
DA:97,7
DA:99,7
DA:100,7
DA:102,7
DA:103,7
DA:105,7
DA:106,7
DA:108,7
DA:109,0
DA:113,0
DA:116,7
DA:117,7
DA:119,0
DA:124,1
LF:64
LH:42
BRDA:70,1,0,0
BRDA:70,1,1,3
BRDA:78,2,0,7
BRDA:78,2,1,0
BRDA:78,2,2,0
BRDA:78,2,3,0
BRDA:78,2,4,0
BRDA:81,3,0,0
BRDA:81,3,1,7
BRDA:99,4,0,6
BRDA:99,4,1,1
BRDA:103,5,0,7
BRDA:103,5,1,0
BRDA:106,6,0,7
BRDA:106,6,1,0
BRDA:108,7,0,0
BRDA:108,7,1,7
BRF:17
BRH:8
end_of_record
TN:
SF:C:\Dev\qwebs\qwebs\lib\routes\get.js
FN:14,(anonymous_1)
FN:23,(anonymous_2)
FN:33,(anonymous_3)
FN:40,(anonymous_4)
FN:42,(anonymous_5)
FN:46,(anonymous_6)
FNF:6
FNH:6
FNDA:11,(anonymous_1)
FNDA:11,(anonymous_2)
FNDA:10,(anonymous_3)
FNDA:7,(anonymous_4)
FNDA:7,(anonymous_5)
FNDA:7,(anonymous_6)
DA:9,1
DA:10,1
DA:11,1
DA:15,11
DA:16,11
DA:17,11
DA:18,11
DA:19,11
DA:20,11
DA:24,11
DA:25,11
DA:27,11
DA:28,11
DA:30,11
DA:34,10
DA:35,10
DA:36,10
DA:41,7
DA:42,7
DA:43,7
DA:44,7
DA:46,7
DA:47,7
DA:50,7
DA:55,1
LF:25
LH:25
BRDA:24,1,0,0
BRDA:24,1,1,11
BRDA:25,2,0,0
BRDA:25,2,1,11
BRDA:36,3,0,0
BRDA:36,3,1,10
BRDA:43,4,0,0
BRDA:43,4,1,7
BRDA:44,5,0,0
BRDA:44,5,1,7
BRF:10
BRH:5
end_of_record
TN:
SF:C:\Dev\qwebs\qwebs\lib\routes\post.js
FN:17,(anonymous_1)
FN:21,(anonymous_2)
FN:24,(anonymous_3)
FN:40,(anonymous_4)
FN:46,(anonymous_5)
FN:52,(anonymous_6)
FN:60,(anonymous_7)
FN:61,(anonymous_8)
FN:69,(anonymous_9)
FN:73,(anonymous_10)
FN:77,(anonymous_11)
FNF:11
FNH:0
FNDA:0,(anonymous_1)
FNDA:0,(anonymous_2)
FNDA:0,(anonymous_3)
FNDA:0,(anonymous_4)
FNDA:0,(anonymous_5)
FNDA:0,(anonymous_6)
FNDA:0,(anonymous_7)
FNDA:0,(anonymous_8)
FNDA:0,(anonymous_9)
FNDA:0,(anonymous_10)
FNDA:0,(anonymous_11)
DA:9,1
DA:10,1
DA:11,1
DA:12,1
DA:13,1
DA:14,1
DA:18,0
DA:22,0
DA:24,0
DA:25,0
DA:27,0
DA:28,0
DA:30,0
DA:31,0
DA:32,0
DA:35,0
DA:38,0
DA:39,0
DA:40,0
DA:41,0
DA:42,0
DA:45,0
DA:46,0
DA:47,0
DA:48,0
DA:51,0
DA:52,0
DA:53,0
DA:54,0
DA:58,0
DA:61,0
DA:62,0
DA:65,0
DA:70,0
DA:72,0
DA:73,0
DA:74,0
DA:77,0
DA:78,0
DA:81,0
DA:85,1
LF:41
LH:7
BRDA:25,1,0,0
BRDA:25,1,1,0
BRDA:30,2,0,0
BRDA:30,2,1,0
BRDA:35,3,0,0
BRDA:35,3,1,0
BRDA:41,4,0,0
BRDA:41,4,1,0
BRDA:45,5,0,0
BRDA:45,5,1,0
BRDA:47,6,0,0
BRDA:47,6,1,0
BRDA:51,7,0,0
BRDA:51,7,1,0
BRDA:53,8,0,0
BRDA:53,8,1,0
BRF:16
BRH:0
end_of_record
TN:
SF:C:\Dev\qwebs\qwebs\lib\routes\delete.js
FN:12,(anonymous_1)
FNF:1
FNH:0
FNDA:0,(anonymous_1)
DA:9,1
DA:13,0
DA:17,1
LF:3
LH:2
BRF:0
BRH:0
end_of_record
TN:
SF:C:\Dev\qwebs\qwebs\lib\routes\put.js
FN:12,(anonymous_1)
FNF:1
FNH:0
FNDA:0,(anonymous_1)
DA:9,1
DA:13,0
DA:17,1
LF:3
LH:2
BRF:0
BRH:0
end_of_record
TN:
SF:C:\Dev\qwebs\qwebs\lib\utils\tree.js
FN:14,(anonymous_1)
FN:18,(anonymous_2)
FN:24,(anonymous_3)
FN:48,(anonymous_4)
FN:49,(anonymous_5)
FN:57,(anonymous_6)
FN:58,(anonymous_7)
FN:94,(anonymous_8)
FN:103,(anonymous_9)
FN:120,(anonymous_10)
FN:124,(anonymous_11)
FN:128,(anonymous_12)
FN:136,(anonymous_13)
FN:152,(anonymous_14)
FN:162,(anonymous_15)
FN:172,(anonymous_16)
FN:178,(anonymous_17)
FN:185,(anonymous_18)
FNF:18
FNH:14
FNDA:136,(anonymous_1)
FNDA:19,(anonymous_2)
FNDA:56,(anonymous_3)
FNDA:56,(anonymous_4)
FNDA:16,(anonymous_5)
FNDA:26,(anonymous_6)
FNDA:26,(anonymous_7)
FNDA:0,(anonymous_8)
FNDA:0,(anonymous_9)
FNDA:65,(anonymous_10)
FNDA:0,(anonymous_11)
FNDA:26,(anonymous_12)
FNDA:20,(anonymous_13)
FNDA:44,(anonymous_14)
FNDA:27,(anonymous_15)
FNDA:0,(anonymous_16)
FNDA:71,(anonymous_17)
FNDA:26,(anonymous_18)
DA:9,1
DA:10,1
DA:11,1
DA:15,136
DA:19,19
DA:20,6
DA:21,6
DA:26,56
DA:27,56
DA:29,56
DA:30,56
DA:31,49
DA:32,42
DA:33,27
DA:36,7
DA:37,2
DA:38,2
DA:41,7
DA:42,7
DA:43,5
DA:49,56
DA:50,16
DA:52,56
DA:53,7
DA:54,0
DA:58,26
DA:59,26
DA:60,26
DA:61,24
DA:65,24
DA:69,26
DA:71,19
DA:72,19
DA:73,19
DA:74,19
DA:75,19
DA:76,13
DA:77,13
DA:78,13
DA:80,0
DA:83,6
DA:84,6
DA:85,6
DA:86,6
DA:91,0
DA:95,0
DA:96,0
DA:97,0
DA:98,0
DA:99,0
DA:104,0
DA:106,0
DA:108,0
DA:109,0
DA:110,0
DA:111,0
DA:112,0
DA:113,0
DA:115,0
DA:121,65
DA:125,0
DA:129,26
DA:130,26
DA:132,26
DA:133,26
DA:137,20
DA:138,20
DA:140,20
DA:141,20
DA:142,20
DA:144,20
DA:145,13
DA:146,13
DA:153,44
DA:154,44
DA:155,44
DA:157,18
DA:158,18
DA:159,18
DA:163,27
DA:164,27
DA:165,27
DA:167,7
DA:168,7
DA:169,7
DA:173,0
DA:179,71
DA:180,71
DA:181,71
DA:182,71
DA:186,26
DA:187,26
DA:191,1
LF:93
LH:74
BRDA:19,1,0,13
BRDA:19,1,1,6
BRDA:20,2,0,0
BRDA:20,2,1,6
BRDA:26,3,0,0
BRDA:26,3,1,56
BRDA:27,4,0,0
BRDA:27,4,1,56
BRDA:30,5,0,49
BRDA:30,5,1,7
BRDA:31,6,0,7
BRDA:31,6,1,42
BRDA:32,7,0,15
BRDA:32,7,1,27
BRDA:36,8,0,2
BRDA:36,8,1,5
BRDA:37,9,0,0
BRDA:37,9,1,2
BRDA:52,10,0,49
BRDA:52,10,1,7
BRDA:53,11,0,7
BRDA:53,11,1,0
BRDA:60,12,0,2
BRDA:60,12,1,24
BRDA:69,13,0,7
BRDA:69,13,1,19
BRDA:75,14,0,13
BRDA:75,14,1,6
BRDA:76,15,0,13
BRDA:76,15,1,0
BRDA:84,16,0,6
BRDA:84,16,1,0
BRDA:98,17,0,0
BRDA:98,17,1,0
BRDA:104,18,0,0
BRDA:104,18,1,0
BRDA:106,19,0,0
BRDA:106,19,1,0
BRDA:115,20,0,0
BRDA:115,20,1,0
BRDA:130,21,0,14
BRDA:130,21,1,12
BRDA:130,22,0,26
BRDA:130,22,1,14
BRDA:138,23,0,15
BRDA:138,23,1,5
BRDA:138,24,0,20
BRDA:138,24,1,16
BRDA:144,25,0,7
BRDA:144,25,1,13
BRDA:145,26,0,0
BRDA:145,26,1,13
BRDA:153,27,0,0
BRDA:153,27,1,44
BRDA:154,28,0,0
BRDA:154,28,1,44
BRDA:155,29,0,26
BRDA:155,29,1,18
BRDA:163,30,0,0
BRDA:163,30,1,27
BRDA:164,31,0,0
BRDA:164,31,1,27
BRDA:165,32,0,20
BRDA:165,32,1,7
BRDA:186,33,0,0
BRDA:186,33,1,26
BRF:66
BRH:45
end_of_record
TN:
SF:C:\Dev\qwebs\qwebs\lib\utils\pathRegex.js
FN:4,(anonymous_1)
FN:12,(anonymous_2)
FN:30,(anonymous_3)
FNF:3
FNH:3
FNDA:75,(anonymous_1)
FNDA:17,(anonymous_2)
FNDA:42,(anonymous_3)
DA:5,75
DA:6,75
DA:7,75
DA:9,75
DA:13,17
DA:14,17
DA:15,17
DA:26,75
DA:27,75
DA:31,42
DA:36,42
DA:37,42
DA:39,35
DA:41,35
DA:42,35
DA:43,24
DA:44,24
DA:46,24
DA:48,12
DA:49,12
DA:52,35
DA:56,1
LF:22
LH:22
BRDA:5,1,0,0
BRDA:5,1,1,75
BRDA:6,2,0,0
BRDA:6,2,1,75
BRDA:10,3,0,0
BRDA:10,3,1,75
BRDA:14,4,0,17
BRDA:14,4,1,15
BRDA:16,5,0,0
BRDA:16,5,1,17
BRDA:18,6,0,0
BRDA:18,6,1,17
BRDA:19,7,0,17
BRDA:19,7,1,17
BRDA:19,8,0,17
BRDA:19,8,1,17
BRDA:19,8,2,0
BRDA:19,8,3,17
BRDA:20,9,0,17
BRDA:20,9,1,17
BRDA:21,10,0,0
BRDA:21,10,1,17
BRDA:27,11,0,0
BRDA:27,11,1,75
BRDA:37,12,0,7
BRDA:37,12,1,35
BRDA:46,13,0,12
BRDA:46,13,1,12
BRF:28
BRH:20
end_of_record
TN:
SF:C:\Dev\qwebs\qwebs\lib\utils\core.js
FN:10,(anonymous_1)
FN:13,(anonymous_2)
FNF:2
FNH:2
FNDA:1,(anonymous_1)
FNDA:19,(anonymous_2)
DA:14,19
DA:15,10
DA:16,10
DA:19,19
DA:23,1
LF:5
LH:5
BRDA:15,1,0,10
BRDA:15,1,1,0
BRF:2
BRH:1
end_of_record
TN:
SF:C:\Dev\qwebs\qwebs\lib\services\qjimp.js
FN:14,(anonymous_1)
FN:17,(anonymous_2)
FN:19,(anonymous_3)
FN:25,(anonymous_4)
FN:31,(anonymous_5)
FN:37,(anonymous_6)
FN:40,(anonymous_7)
FN:46,(anonymous_8)
FN:54,(anonymous_9)
FN:64,(anonymous_10)
FN:71,(anonymous_11)
FN:79,(anonymous_12)
FN:80,(anonymous_13)
FN:88,(anonymous_14)
FN:89,(anonymous_15)
FN:98,(anonymous_16)
FN:105,(anonymous_17)
FN:130,(anonymous_18)
FN:137,(anonymous_19)
FN:138,(anonymous_20)
FN:140,(anonymous_21)
FN:148,(anonymous_22)
FN:149,(anonymous_23)
FN:150,(anonymous_24)
FN:154,(anonymous_25)
FN:156,(anonymous_26)
FN:158,(anonymous_27)
FN:172,(anonymous_28)
FN:178,(anonymous_29)
FN:184,(anonymous_30)
FN:188,(anonymous_31)
FN:194,(anonymous_32)
FN:200,(anonymous_33)
FN:206,(anonymous_34)
FN:212,(anonymous_35)
FN:218,(anonymous_36)
FN:224,(anonymous_37)
FN:227,(anonymous_38)
FNF:38
FNH:10
FNDA:6,(anonymous_1)
FNDA:6,(anonymous_2)
FNDA:6,(anonymous_3)
FNDA:0,(anonymous_4)
FNDA:1,(anonymous_5)
FNDA:5,(anonymous_6)
FNDA:5,(anonymous_7)
FNDA:1,(anonymous_8)
FNDA:1,(anonymous_9)
FNDA:0,(anonymous_10)
FNDA:0,(anonymous_11)
FNDA:0,(anonymous_12)
FNDA:0,(anonymous_13)
FNDA:0,(anonymous_14)
FNDA:0,(anonymous_15)
FNDA:0,(anonymous_16)
FNDA:0,(anonymous_17)
FNDA:0,(anonymous_18)
FNDA:0,(anonymous_19)
FNDA:0,(anonymous_20)
FNDA:0,(anonymous_21)
FNDA:0,(anonymous_22)
FNDA:0,(anonymous_23)
FNDA:0,(anonymous_24)
FNDA:0,(anonymous_25)
FNDA:0,(anonymous_26)
FNDA:0,(anonymous_27)
FNDA:0,(anonymous_28)
FNDA:0,(anonymous_29)
FNDA:0,(anonymous_30)
FNDA:0,(anonymous_31)
FNDA:0,(anonymous_32)
FNDA:0,(anonymous_33)
FNDA:0,(anonymous_34)
FNDA:0,(anonymous_35)
FNDA:0,(anonymous_36)
FNDA:2,(anonymous_37)
FNDA:2,(anonymous_38)
DA:9,1
DA:10,1
DA:11,1
DA:18,6
DA:19,6
DA:20,6
DA:22,6
DA:26,0
DA:28,0
DA:32,1
DA:34,1
DA:38,5
DA:40,5
DA:41,5
DA:42,5
DA:47,1
DA:48,1
DA:49,1
DA:51,1
DA:55,1
DA:56,1
DA:57,1
DA:58,1
DA:59,1
DA:61,1
DA:65,0
DA:66,0
DA:67,0
DA:68,0
DA:69,0
DA:71,0
DA:72,0
DA:73,0
DA:74,0
DA:75,0
DA:77,0
DA:78,0
DA:79,0
DA:80,0
DA:81,0
DA:82,0
DA:87,0
DA:88,0
DA:89,0
DA:90,0
DA:91,0
DA:99,0
DA:100,0
DA:101,0
DA:102,0
DA:103,0
DA:105,0
DA:106,0
DA:107,0
DA:109,0
DA:110,0
DA:111,0
DA:112,0
DA:115,0
DA:116,0
DA:117,0
DA:118,0
DA:121,0
DA:122,0
DA:124,0
DA:125,0
DA:131,0
DA:132,0
DA:133,0
DA:134,0
DA:135,0
DA:137,0
DA:138,0
DA:140,0
DA:142,0
DA:143,0
DA:144,0
DA:145,0
DA:146,0
DA:148,0
DA:149,0
DA:150,0
DA:151,0
DA:156,0
DA:158,0
DA:159,0
DA:160,0
DA:162,0
DA:173,0
DA:174,0
DA:175,0
DA:176,0
DA:178,0
DA:179,0
DA:180,0
DA:185,0
DA:189,0
DA:191,0
DA:195,0
DA:197,0
DA:201,0
DA:203,0
DA:207,0
DA:209,0
DA:213,0
DA:215,0
DA:219,0
DA:221,0
DA:225,2
DA:227,2
DA:228,2
DA:229,2
DA:230,2
DA:231,2
DA:232,2
DA:233,2
DA:235,2
DA:236,880000
DA:237,880000
DA:238,880000
DA:240,880000
DA:241,880000
DA:242,771198
DA:245,2
DA:247,2
DA:252,1
LF:126
LH:41
BRDA:26,1,0,0
BRDA:26,1,1,0
BRDA:32,2,0,0
BRDA:32,2,1,1
BRDA:38,3,0,0
BRDA:38,3,1,5
BRDA:47,4,0,0
BRDA:47,4,1,1
BRDA:48,5,0,0
BRDA:48,5,1,1
BRDA:49,6,0,0
BRDA:49,6,1,1
BRDA:55,7,0,0
BRDA:55,7,1,1
BRDA:56,8,0,0
BRDA:56,8,1,1
BRDA:57,9,0,0
BRDA:57,9,1,1
BRDA:58,10,0,0
BRDA:58,10,1,1
BRDA:59,11,0,0
BRDA:59,11,1,1
BRDA:65,12,0,0
BRDA:65,12,1,0
BRDA:66,13,0,0
BRDA:66,13,1,0
BRDA:67,14,0,0
BRDA:67,14,1,0
BRDA:68,15,0,0
BRDA:68,15,1,0
BRDA:74,16,0,0
BRDA:74,16,1,0
BRDA:77,17,0,0
BRDA:77,17,1,0
BRDA:99,18,0,0
BRDA:99,18,1,0
BRDA:100,19,0,0
BRDA:100,19,1,0
BRDA:101,20,0,0
BRDA:101,20,1,0
BRDA:102,21,0,0
BRDA:102,21,1,0
BRDA:111,22,0,0
BRDA:111,22,1,0
BRDA:115,23,0,0
BRDA:115,23,1,0
BRDA:131,24,0,0
BRDA:131,24,1,0
BRDA:132,25,0,0
BRDA:132,25,1,0
BRDA:133,26,0,0
BRDA:133,26,1,0
BRDA:134,27,0,0
BRDA:134,27,1,0
BRDA:173,28,0,0
BRDA:173,28,1,0
BRDA:174,29,0,0
BRDA:174,29,1,0
BRDA:175,30,0,0
BRDA:175,30,1,0
BRDA:179,31,0,0
BRDA:179,31,1,0
BRDA:179,32,0,0
BRDA:179,32,1,0
BRDA:189,33,0,0
BRDA:189,33,1,0
BRDA:195,34,0,0
BRDA:195,34,1,0
BRDA:201,35,0,0
BRDA:201,35,1,0
BRDA:207,36,0,0
BRDA:207,36,1,0
BRDA:213,37,0,0
BRDA:213,37,1,0
BRDA:219,38,0,0
BRDA:219,38,1,0
BRDA:225,39,0,0
BRDA:225,39,1,2
BRDA:241,40,0,771198
BRDA:241,40,1,108802
BRF:80
BRH:13
end_of_record
